Using pre-set license
Built from '2021.2/staging' branch; Version is '2021.2.12f1 (48b1aa000234) revision 4764074'; Using compiler version '192829333'; Build Type 'Release'
OS: 'Windows 10  (10.0.19044) 64bit Professional' Language: 'en' Physical Memory: 16303 MB
BatchMode: 1, IsHumanControllingUs: 0, StartBugReporterOnCrash: 0, Is64bit: 1, IsPro: 0

COMMAND LINE ARGUMENTS:
C:\Program Files\Unity\Hub\Editor\2021.2.12f1\Editor\Unity.exe
-adb2
-batchMode
-noUpm
-name
AssetImportWorker5
-projectPath
D:/Confidential/BulletHell-Game/BulletHell Game
-logFile
Logs/AssetImportWorker5.log
-srvPort
14155
Successfully changed project path to: D:/Confidential/BulletHell-Game/BulletHell Game
D:/Confidential/BulletHell-Game/BulletHell Game
[UnityMemory] Configuration Parameters - Can be set up in boot.config
    "memorysetup-bucket-allocator-granularity=16"
    "memorysetup-bucket-allocator-bucket-count=8"
    "memorysetup-bucket-allocator-block-size=33554432"
    "memorysetup-bucket-allocator-block-count=8"
    "memorysetup-main-allocator-block-size=16777216"
    "memorysetup-thread-allocator-block-size=16777216"
    "memorysetup-gfx-main-allocator-block-size=16777216"
    "memorysetup-gfx-thread-allocator-block-size=16777216"
    "memorysetup-cache-allocator-block-size=4194304"
    "memorysetup-typetree-allocator-block-size=2097152"
    "memorysetup-profiler-bucket-allocator-granularity=16"
    "memorysetup-profiler-bucket-allocator-bucket-count=8"
    "memorysetup-profiler-bucket-allocator-block-size=33554432"
    "memorysetup-profiler-bucket-allocator-block-count=8"
    "memorysetup-profiler-allocator-block-size=16777216"
    "memorysetup-profiler-editor-allocator-block-size=1048576"
    "memorysetup-temp-allocator-size-main=16777216"
    "memorysetup-job-temp-allocator-block-size=2097152"
    "memorysetup-job-temp-allocator-block-size-background=1048576"
    "memorysetup-job-temp-allocator-reduction-small-platforms=262144"
    "memorysetup-temp-allocator-size-background-worker=32768"
    "memorysetup-temp-allocator-size-job-worker=262144"
    "memorysetup-temp-allocator-size-preload-manager=33554432"
    "memorysetup-temp-allocator-size-nav-mesh-worker=65536"
    "memorysetup-temp-allocator-size-audio-worker=65536"
    "memorysetup-temp-allocator-size-cloud-worker=32768"
    "memorysetup-temp-allocator-size-gi-baking-worker=262144"
    "memorysetup-temp-allocator-size-gfx=262144"
Refreshing native plugins compatible for Editor in 132.20 ms, found 3 plugins.
Preloading 0 native plugins for Editor in 0.00 ms.
Initialize engine version: 2021.2.12f1 (48b1aa000234)
[Subsystems] Discovering subsystems at path C:/Program Files/Unity/Hub/Editor/2021.2.12f1/Editor/Data/Resources/UnitySubsystems
[Subsystems] Discovering subsystems at path D:/Confidential/BulletHell-Game/BulletHell Game/Assets
GfxDevice: creating device client; threaded=0; jobified=0
Direct3D:
    Version:  Direct3D 11.0 [level 11.1]
    Renderer: NVIDIA GeForce GTX 1650 (ID=0x1f91)
    Vendor:   NVIDIA
    VRAM:     3962 MB
    Driver:   30.0.15.1179
Initialize mono
Mono path[0] = 'C:/Program Files/Unity/Hub/Editor/2021.2.12f1/Editor/Data/Managed'
Mono path[1] = 'C:/Program Files/Unity/Hub/Editor/2021.2.12f1/Editor/Data/MonoBleedingEdge/lib/mono/unityjit-win32'
Mono config path = 'C:/Program Files/Unity/Hub/Editor/2021.2.12f1/Editor/Data/MonoBleedingEdge/etc'
Using monoOptions --debugger-agent=transport=dt_socket,embedding=1,server=y,suspend=n,address=127.0.0.1:56812
Begin MonoManager ReloadAssembly
Registering precompiled unity dll's ...
Register platform support module: C:/Program Files/Unity/Hub/Editor/2021.2.12f1/Editor/Data/PlaybackEngines/WindowsStandaloneSupport/UnityEditor.WindowsStandalone.Extensions.dll
Registered in 0.009606 seconds.
Native extension for WindowsStandalone target not found
Refreshing native plugins compatible for Editor in 101.67 ms, found 3 plugins.
Preloading 0 native plugins for Editor in 0.00 ms.
Mono: successfully reloaded assembly
- Completed reload, in  0.688 seconds
Domain Reload Profiling:
	ReloadAssembly (689ms)
		BeginReloadAssembly (87ms)
			ExecutionOrderSort (0ms)
			DisableScriptedObjects (0ms)
			BackupInstance (0ms)
			ReleaseScriptingObjects (0ms)
			CreateAndSetChildDomain (1ms)
		EndReloadAssembly (476ms)
			LoadAssemblies (84ms)
			RebuildTransferFunctionScriptingTraits (0ms)
			SetupTypeCache (101ms)
			ReleaseScriptCaches (0ms)
			RebuildScriptCaches (31ms)
			SetupLoadedEditorAssemblies (292ms)
				LogAssemblyErrors (0ms)
				InitializePlatformSupportModulesInManaged (9ms)
				SetLoadedEditorAssemblies (0ms)
				RefreshPlugins (102ms)
				BeforeProcessingInitializeOnLoad (1ms)
				ProcessInitializeOnLoadAttributes (136ms)
				ProcessInitializeOnLoadMethodAttributes (44ms)
				AfterProcessingInitializeOnLoad (0ms)
				EditorAssembliesLoaded (0ms)
			ExecutionOrderSort2 (0ms)
			AwakeInstancesAfterBackupRestoration (0ms)
Platform modules already initialized, skipping
Registering precompiled user dll's ...
Registered in 0.005944 seconds.
Begin MonoManager ReloadAssembly
Symbol file LoadedFromMemory doesn't match image D:\Confidential\BulletHell-Game\BulletHell Game\Library\PackageCache\com.unity.visualscripting@1.7.6\Editor\VisualScripting.Core\Dependencies\YamlDotNet\Unity.VisualScripting.YamlDotNet.dll
Symbol file LoadedFromMemory doesn't match image D:\Confidential\BulletHell-Game\BulletHell Game\Library\PackageCache\com.unity.visualscripting@1.7.6\Editor\VisualScripting.Core\Dependencies\DotNetZip\Unity.VisualScripting.IonicZip.dll
Native extension for WindowsStandalone target not found
Refreshing native plugins compatible for Editor in 112.32 ms, found 3 plugins.
Preloading 0 native plugins for Editor in 0.00 ms.
Mono: successfully reloaded assembly
- Completed reload, in  1.409 seconds
Domain Reload Profiling:
	ReloadAssembly (1410ms)
		BeginReloadAssembly (131ms)
			ExecutionOrderSort (0ms)
			DisableScriptedObjects (6ms)
			BackupInstance (0ms)
			ReleaseScriptingObjects (0ms)
			CreateAndSetChildDomain (22ms)
		EndReloadAssembly (1157ms)
			LoadAssemblies (88ms)
			RebuildTransferFunctionScriptingTraits (0ms)
			SetupTypeCache (282ms)
			ReleaseScriptCaches (1ms)
			RebuildScriptCaches (65ms)
			SetupLoadedEditorAssemblies (672ms)
				LogAssemblyErrors (0ms)
				InitializePlatformSupportModulesInManaged (5ms)
				SetLoadedEditorAssemblies (0ms)
				RefreshPlugins (112ms)
				BeforeProcessingInitializeOnLoad (134ms)
				ProcessInitializeOnLoadAttributes (388ms)
				ProcessInitializeOnLoadMethodAttributes (22ms)
				AfterProcessingInitializeOnLoad (11ms)
				EditorAssembliesLoaded (0ms)
			ExecutionOrderSort2 (0ms)
			AwakeInstancesAfterBackupRestoration (8ms)
Platform modules already initialized, skipping
========================================================================
Worker process is ready to serve import requests
Launched and connected shader compiler UnityShaderCompiler.exe after 0.05 seconds
Refreshing native plugins compatible for Editor in 0.75 ms, found 3 plugins.
Preloading 0 native plugins for Editor in 0.00 ms.
Unloading 3649 Unused Serialized files (Serialized files now loaded: 0)
Unloading 26 unused Assets / (112.5 KB). Loaded Objects now: 4115.
Memory consumption went from 132.8 MB to 132.7 MB.
Total: 3.535600 ms (FindLiveObjects: 0.288300 ms CreateObjectMapping: 0.212500 ms MarkObjects: 2.936600 ms  DeleteObjects: 0.097500 ms)

AssetImportParameters requested are different than current active one (requested -> active):
  custom:video-decoder-ogg-theora: a1e56fd34408186e4bbccfd4996cb3dc -> 
  custom:container-muxer-webm: aa71ff27fc2769a1b78a27578f13a17b -> 
  custom:container-demuxer-webm: 4f35f7cbe854078d1ac9338744f61a02 -> 
  custom:video-encoder-webm-vp8: eb34c28f22e8b96e1ab97ce403110664 -> 
  custom:video-codec-MediaFoundation-h265: e54d7ab0439102e2317fc1e4b246158d -> 
  custom:audio-encoder-webm-vorbis: bf7c407c2cedff20999df2af8eb42d56 -> 
  custom:framework-win-MediaFoundation: 216162199b28c13a410421893ffa2e32 -> 
  custom:container-demuxer-ogg: 62fdf1f143b41e24485cea50d1cbac27 -> 
  custom:video-decoder-webm-vp8: 9c59270c3fd7afecdb556c50c9e8de78 -> 
  custom:audio-decoder-ogg-vorbis: bf7c407c2cedff20999df2af8eb42d56 -> 
========================================================================
Received Import Request.
  Time since last request: 541331.228925 seconds.
  path: Assets/Epic Toon FX/Materials/Misc/Powerbox/VertexColor/power_magnet.mat
  artifactKey: Guid(536515394b9c8114db3ab0e9d782b93c) Importer(815301076,1909f56bfc062723c751e8b465ee728b)
Start importing Assets/Epic Toon FX/Materials/Misc/Powerbox/VertexColor/power_magnet.mat using Guid(536515394b9c8114db3ab0e9d782b93c) Importer(815301076,1909f56bfc062723c751e8b465ee728b)  -> (artifact id: '78213106f810c27a1aba63b0a1c6f5c5') in 0.219862 seconds 
========================================================================
Received Import Request.
  Time since last request: 0.000019 seconds.
  path: Assets/Epic Toon FX/Materials/Misc/Powerbox/Metal/power_metal_lightning.mat
  artifactKey: Guid(70a96c6d8eca48a468887dca46a12a55) Importer(815301076,1909f56bfc062723c751e8b465ee728b)
Start importing Assets/Epic Toon FX/Materials/Misc/Powerbox/Metal/power_metal_lightning.mat using Guid(70a96c6d8eca48a468887dca46a12a55) Importer(815301076,1909f56bfc062723c751e8b465ee728b)  -> (artifact id: '28a85798ffc94cf16df50089f0e65751') in 0.219648 seconds 
========================================================================
Received Import Request.
  Time since last request: 7.879004 seconds.
  path: Assets/Epic Toon FX/Materials/Misc/Powerbox/Metal/power_metal_skull.mat
  artifactKey: Guid(f96137d4370a1c94481fb04d663fc7ec) Importer(815301076,1909f56bfc062723c751e8b465ee728b)
Start importing Assets/Epic Toon FX/Materials/Misc/Powerbox/Metal/power_metal_skull.mat using Guid(f96137d4370a1c94481fb04d663fc7ec) Importer(815301076,1909f56bfc062723c751e8b465ee728b)  -> (artifact id: '4d847b148d8f96b64075319ea13e3dff') in 0.024418 seconds 
========================================================================
Received Import Request.
  Time since last request: 0.000025 seconds.
  path: Assets/Epic Toon FX/Materials/Misc/Powerbox/Metal/power_metal_speed.mat
  artifactKey: Guid(eed2e426ce193ec4393552995a2e7da2) Importer(815301076,1909f56bfc062723c751e8b465ee728b)
Start importing Assets/Epic Toon FX/Materials/Misc/Powerbox/Metal/power_metal_speed.mat using Guid(eed2e426ce193ec4393552995a2e7da2) Importer(815301076,1909f56bfc062723c751e8b465ee728b)  -> (artifact id: '240033151d82ea05526af5ddf9307f82') in 0.025088 seconds 
========================================================================
Received Import Request.
  Time since last request: 0.000036 seconds.
  path: Assets/Epic Toon FX/Materials/Misc/Powerbox/VertexColor/power_speed.mat
  artifactKey: Guid(e8538c8f04b3a76469ba5ff3c37ec06e) Importer(815301076,1909f56bfc062723c751e8b465ee728b)
Start importing Assets/Epic Toon FX/Materials/Misc/Powerbox/VertexColor/power_speed.mat using Guid(e8538c8f04b3a76469ba5ff3c37ec06e) Importer(815301076,1909f56bfc062723c751e8b465ee728b)  -> (artifact id: '1f2874088b65764e2f3be23201f6ba8e') in 0.030712 seconds 
========================================================================
Received Import Request.
  Time since last request: 0.756115 seconds.
  path: Assets/Epic Toon FX/Materials/Misc/Powerups/pwr_sym_bolt_AB.mat
  artifactKey: Guid(030b0bb086d815d4f9df4a7ab19ae57e) Importer(815301076,1909f56bfc062723c751e8b465ee728b)
Start importing Assets/Epic Toon FX/Materials/Misc/Powerups/pwr_sym_bolt_AB.mat using Guid(030b0bb086d815d4f9df4a7ab19ae57e) Importer(815301076,1909f56bfc062723c751e8b465ee728b)  -> (artifact id: 'f6f9b079fc865fded5d79fd2eacdbf90') in 0.013749 seconds 
========================================================================
Received Import Request.
  Time since last request: 0.000017 seconds.
  path: Assets/Epic Toon FX/Materials/Misc/Powerups/pwr_sym_heart_AB.mat
  artifactKey: Guid(e7d797a1cb255df4b8a6cdfe7326d8fe) Importer(815301076,1909f56bfc062723c751e8b465ee728b)
Start importing Assets/Epic Toon FX/Materials/Misc/Powerups/pwr_sym_heart_AB.mat using Guid(e7d797a1cb255df4b8a6cdfe7326d8fe) Importer(815301076,1909f56bfc062723c751e8b465ee728b)  -> (artifact id: '326aa791e3d7a2e656de79de832c1f58') in 0.012145 seconds 
========================================================================
Received Import Request.
  Time since last request: 0.000017 seconds.
  path: Assets/Epic Toon FX/Materials/Misc/Powerups/pwr_sym_magnet_AB.mat
  artifactKey: Guid(7f8c03079f5cc3045bee7ab4087e662c) Importer(815301076,1909f56bfc062723c751e8b465ee728b)
Start importing Assets/Epic Toon FX/Materials/Misc/Powerups/pwr_sym_magnet_AB.mat using Guid(7f8c03079f5cc3045bee7ab4087e662c) Importer(815301076,1909f56bfc062723c751e8b465ee728b)  -> (artifact id: '5cb16635cc0552a7307d4f2611e202e4') in 0.010641 seconds 
========================================================================
Received Import Request.
  Time since last request: 0.000017 seconds.
  path: Assets/Epic Toon FX/Materials/Misc/Powerups/pwr_sym_question_AB.mat
  artifactKey: Guid(cbb839667de1c824190b8d7ad5763859) Importer(815301076,1909f56bfc062723c751e8b465ee728b)
Start importing Assets/Epic Toon FX/Materials/Misc/Powerups/pwr_sym_question_AB.mat using Guid(cbb839667de1c824190b8d7ad5763859) Importer(815301076,1909f56bfc062723c751e8b465ee728b)  -> (artifact id: '0d4aee7e7c368e1d473d41fe70f5242f') in 0.011092 seconds 
========================================================================
Received Import Request.
  Time since last request: 0.588013 seconds.
  path: Assets/Epic Toon FX/Materials/Misc/Powerups/pwr_sym_speed_AB.mat
  artifactKey: Guid(223e5d2135768af4eb44da7d15d195df) Importer(815301076,1909f56bfc062723c751e8b465ee728b)
Start importing Assets/Epic Toon FX/Materials/Misc/Powerups/pwr_sym_speed_AB.mat using Guid(223e5d2135768af4eb44da7d15d195df) Importer(815301076,1909f56bfc062723c751e8b465ee728b)  -> (artifact id: '59819238dc8e3b23257b4f31e5adf7f5') in 0.013819 seconds 
========================================================================
Received Import Request.
  Time since last request: 0.000020 seconds.
  path: Assets/Epic Toon FX/Materials/Basics/ring_AB.mat
  artifactKey: Guid(38e56bf2eab142445b49494feef54492) Importer(815301076,1909f56bfc062723c751e8b465ee728b)
Start importing Assets/Epic Toon FX/Materials/Basics/ring_AB.mat using Guid(38e56bf2eab142445b49494feef54492) Importer(815301076,1909f56bfc062723c751e8b465ee728b)  -> (artifact id: 'febb64ccf28069c670ea27dae7a1f32b') in 0.010957 seconds 
========================================================================
Received Import Request.
  Time since last request: 0.000018 seconds.
  path: Assets/Epic Toon FX/Materials/Basics/ring_nofade_ADD.mat
  artifactKey: Guid(9eb479f5a4882b2448c5740a38a0cdc0) Importer(815301076,1909f56bfc062723c751e8b465ee728b)
Start importing Assets/Epic Toon FX/Materials/Basics/ring_nofade_ADD.mat using Guid(9eb479f5a4882b2448c5740a38a0cdc0) Importer(815301076,1909f56bfc062723c751e8b465ee728b)  -> (artifact id: '4fcdb42a4e5dc6aa2fb06bacad4fe8fc') in 0.013585 seconds 
========================================================================
Received Import Request.
  Time since last request: 0.350328 seconds.
  path: Assets/Epic Toon FX/Materials/Misc/Text/sharp_red.mat
  artifactKey: Guid(c8c5f86f3a7ff694faf5f45758f045de) Importer(815301076,1909f56bfc062723c751e8b465ee728b)
Start importing Assets/Epic Toon FX/Materials/Misc/Text/sharp_red.mat using Guid(c8c5f86f3a7ff694faf5f45758f045de) Importer(815301076,1909f56bfc062723c751e8b465ee728b)  -> (artifact id: 'a3e11246e555ac3bd47c99002b0c5528') in 0.011974 seconds 
========================================================================
Received Import Request.
  Time since last request: 0.000018 seconds.
  path: Assets/Epic Toon FX/Materials/Misc/Magic/shield_magic_ADD.mat
  artifactKey: Guid(139f4c1696c68e54390a5ad669273cab) Importer(815301076,1909f56bfc062723c751e8b465ee728b)
Start importing Assets/Epic Toon FX/Materials/Misc/Magic/shield_magic_ADD.mat using Guid(139f4c1696c68e54390a5ad669273cab) Importer(815301076,1909f56bfc062723c751e8b465ee728b)  -> (artifact id: '5f320a6db1b9727f536a372e2304148a') in 0.011905 seconds 
========================================================================
Received Import Request.
  Time since last request: 0.000027 seconds.
  path: Assets/Epic Toon FX/Materials/Misc/Text/sharp_yellow.mat
  artifactKey: Guid(a5fb89a338069534188b51c3abb7a128) Importer(815301076,1909f56bfc062723c751e8b465ee728b)
Start importing Assets/Epic Toon FX/Materials/Misc/Text/sharp_yellow.mat using Guid(a5fb89a338069534188b51c3abb7a128) Importer(815301076,1909f56bfc062723c751e8b465ee728b)  -> (artifact id: '2e5bd3dfa35b6c894db12cd383ccecc4') in 0.010967 seconds 
========================================================================
Received Import Request.
  Time since last request: 0.479119 seconds.
  path: Assets/Epic Toon FX/Materials/Misc/Sword/slash01_AB.mat
  artifactKey: Guid(64e96ff4458e88b499d1e1d8e5535052) Importer(815301076,1909f56bfc062723c751e8b465ee728b)
Start importing Assets/Epic Toon FX/Materials/Misc/Sword/slash01_AB.mat using Guid(64e96ff4458e88b499d1e1d8e5535052) Importer(815301076,1909f56bfc062723c751e8b465ee728b)  -> (artifact id: '049b79ce5adadfcdbd9ac9ff2643e148') in 0.010631 seconds 
========================================================================
Received Import Request.
  Time since last request: 0.000015 seconds.
  path: Assets/Epic Toon FX/Materials/Misc/Sword/slash02_AB.mat
  artifactKey: Guid(50d7a6ff58aa03c41bf5ab4d6947a60b) Importer(815301076,1909f56bfc062723c751e8b465ee728b)
Start importing Assets/Epic Toon FX/Materials/Misc/Sword/slash02_AB.mat using Guid(50d7a6ff58aa03c41bf5ab4d6947a60b) Importer(815301076,1909f56bfc062723c751e8b465ee728b)  -> (artifact id: '3cfbef0484b159072ddb5d29f65f2848') in 0.011917 seconds 
========================================================================
Received Import Request.
  Time since last request: 0.000016 seconds.
  path: Assets/Epic Toon FX/Materials/Misc/Sword/slash_ADD.mat
  artifactKey: Guid(9e2411d65e8b2094eaa91113863f37d4) Importer(815301076,1909f56bfc062723c751e8b465ee728b)
Start importing Assets/Epic Toon FX/Materials/Misc/Sword/slash_ADD.mat using Guid(9e2411d65e8b2094eaa91113863f37d4) Importer(815301076,1909f56bfc062723c751e8b465ee728b)  -> (artifact id: '175964c559b669a3f98409a47bfff826') in 0.011641 seconds 
========================================================================
Received Import Request.
  Time since last request: 73.351053 seconds.
  path: Assets/Epic Toon FX/Materials/Misc/Sword/slash_circle01_ADD.mat
  artifactKey: Guid(6eb991e61c0314441bebec3f82ff5838) Importer(815301076,1909f56bfc062723c751e8b465ee728b)
Start importing Assets/Epic Toon FX/Materials/Misc/Sword/slash_circle01_ADD.mat using Guid(6eb991e61c0314441bebec3f82ff5838) Importer(815301076,1909f56bfc062723c751e8b465ee728b)  -> (artifact id: '337307b6f1ed0851dfbd1a4d12c30f29') in 0.013383 seconds 
========================================================================
Received Import Request.
  Time since last request: 0.000018 seconds.
  path: Assets/Epic Toon FX/Materials/Basics/sparkle_AB.mat
  artifactKey: Guid(4408abb7a30b61a4a9a19dbb5f761d2b) Importer(815301076,1909f56bfc062723c751e8b465ee728b)
Start importing Assets/Epic Toon FX/Materials/Basics/sparkle_AB.mat using Guid(4408abb7a30b61a4a9a19dbb5f761d2b) Importer(815301076,1909f56bfc062723c751e8b465ee728b)  -> (artifact id: '7af4d1686ee793f923b70c710b29834e') in 0.009798 seconds 
========================================================================
Received Import Request.
  Time since last request: 0.000016 seconds.
  path: Assets/Epic Toon FX/Materials/Basics/solid_AB.mat
  artifactKey: Guid(072ade2f5404113439ad723bd09909d2) Importer(815301076,1909f56bfc062723c751e8b465ee728b)
Start importing Assets/Epic Toon FX/Materials/Basics/solid_AB.mat using Guid(072ade2f5404113439ad723bd09909d2) Importer(815301076,1909f56bfc062723c751e8b465ee728b)  -> (artifact id: 'b4c0f28050ed48c3b7e2c870503ccdc8') in 0.008576 seconds 
========================================================================
Received Import Request.
  Time since last request: 0.000019 seconds.
  path: Assets/Epic Toon FX/Materials/Basics/snow_AB.mat
  artifactKey: Guid(5d7464181f672e9479567740b60a2233) Importer(815301076,1909f56bfc062723c751e8b465ee728b)
Start importing Assets/Epic Toon FX/Materials/Basics/snow_AB.mat using Guid(5d7464181f672e9479567740b60a2233) Importer(815301076,1909f56bfc062723c751e8b465ee728b)  -> (artifact id: 'd0a6ea3f2163406694ab14d8c18d5343') in 0.010238 seconds 
========================================================================
Received Import Request.
  Time since last request: 0.000018 seconds.
  path: Assets/Epic Toon FX/Materials/Misc/Sword/slash_circle02_ADD.mat
  artifactKey: Guid(aada8adea3c6bfc4d928c85123b0c100) Importer(815301076,1909f56bfc062723c751e8b465ee728b)
Start importing Assets/Epic Toon FX/Materials/Misc/Sword/slash_circle02_ADD.mat using Guid(aada8adea3c6bfc4d928c85123b0c100) Importer(815301076,1909f56bfc062723c751e8b465ee728b)  -> (artifact id: '448543e294d4393e60f0d896410a15f1') in 0.008954 seconds 
========================================================================
Received Import Request.
  Time since last request: 2.679426 seconds.
  path: Assets/Epic Toon FX/Materials/Misc/Liquid/splat01_3x3_AB.mat
  artifactKey: Guid(cc14fd052416659478046abf153082a0) Importer(815301076,1909f56bfc062723c751e8b465ee728b)
Start importing Assets/Epic Toon FX/Materials/Misc/Liquid/splat01_3x3_AB.mat using Guid(cc14fd052416659478046abf153082a0) Importer(815301076,1909f56bfc062723c751e8b465ee728b)  -> (artifact id: 'd95373a0caa777ecd6d9bb810febc5ae') in 0.010505 seconds 
========================================================================
Received Import Request.
  Time since last request: 0.000027 seconds.
  path: Assets/Epic Toon FX/Materials/Misc/Liquid/splat03_3x3_AB.mat
  artifactKey: Guid(8d6aebbeaae58054db85ae5e05f6f78b) Importer(815301076,1909f56bfc062723c751e8b465ee728b)
Start importing Assets/Epic Toon FX/Materials/Misc/Liquid/splat03_3x3_AB.mat using Guid(8d6aebbeaae58054db85ae5e05f6f78b) Importer(815301076,1909f56bfc062723c751e8b465ee728b)  -> (artifact id: '3db15116d121964011e4a91970582643') in 0.013398 seconds 
========================================================================
Received Import Request.
  Time since last request: 0.000023 seconds.
  path: Assets/Epic Toon FX/Materials/Misc/Stars/star_AB.mat
  artifactKey: Guid(d05bd487e32791148ab238ebabb0154b) Importer(815301076,1909f56bfc062723c751e8b465ee728b)
Start importing Assets/Epic Toon FX/Materials/Misc/Stars/star_AB.mat using Guid(d05bd487e32791148ab238ebabb0154b) Importer(815301076,1909f56bfc062723c751e8b465ee728b)  -> (artifact id: '35d0de28bb90784d20ee07be5ce31fb7') in 0.010534 seconds 
========================================================================
Received Import Request.
  Time since last request: 0.000027 seconds.
  path: Assets/Epic Toon FX/Materials/Misc/Liquid/splat01_trsp_3x3_AB.mat
  artifactKey: Guid(27ce8d674df6481418184f378da86b46) Importer(815301076,1909f56bfc062723c751e8b465ee728b)
Start importing Assets/Epic Toon FX/Materials/Misc/Liquid/splat01_trsp_3x3_AB.mat using Guid(27ce8d674df6481418184f378da86b46) Importer(815301076,1909f56bfc062723c751e8b465ee728b)  -> (artifact id: '63f3bc73bd807fe86bdb017a158340e7') in 0.014776 seconds 
========================================================================
Received Import Request.
  Time since last request: 0.000019 seconds.
  path: Assets/Epic Toon FX/Materials/Misc/Stars/star_4x4_AB.mat
  artifactKey: Guid(2bc36376a0cb0df49a21197e94d65661) Importer(815301076,1909f56bfc062723c751e8b465ee728b)
Start importing Assets/Epic Toon FX/Materials/Misc/Stars/star_4x4_AB.mat using Guid(2bc36376a0cb0df49a21197e94d65661) Importer(815301076,1909f56bfc062723c751e8b465ee728b)  -> (artifact id: '319d49476518d2baf8a19e6bd98146c2') in 0.015666 seconds 
========================================================================
Received Import Request.
  Time since last request: 3.753359 seconds.
  path: Assets/Epic Toon FX/Materials/Misc/Stars/star_outlined_AB.mat
  artifactKey: Guid(0aacb045c463b304b80b9fab518be25f) Importer(815301076,1909f56bfc062723c751e8b465ee728b)
Start importing Assets/Epic Toon FX/Materials/Misc/Stars/star_outlined_AB.mat using Guid(0aacb045c463b304b80b9fab518be25f) Importer(815301076,1909f56bfc062723c751e8b465ee728b)  -> (artifact id: 'a7215b014223388335f2dca67c28062a') in 0.009649 seconds 
========================================================================
Received Import Request.
  Time since last request: 0.000017 seconds.
  path: Assets/Epic Toon FX/Materials/Basics/triangle_curve_AB.mat
  artifactKey: Guid(f49f152fbc313b14b8d4b82329b10a1c) Importer(815301076,1909f56bfc062723c751e8b465ee728b)
Start importing Assets/Epic Toon FX/Materials/Basics/triangle_curve_AB.mat using Guid(f49f152fbc313b14b8d4b82329b10a1c) Importer(815301076,1909f56bfc062723c751e8b465ee728b)  -> (artifact id: '6d7cd290c7d04c9039c7009603b8c79b') in 0.011857 seconds 
========================================================================
Received Import Request.
  Time since last request: 0.000025 seconds.
  path: Assets/Epic Toon FX/Materials/Misc/Unsorted/talkbubble_4x4_AB.mat
  artifactKey: Guid(182ac69dbd8e4f94c97e89321439fd1a) Importer(815301076,1909f56bfc062723c751e8b465ee728b)
Start importing Assets/Epic Toon FX/Materials/Misc/Unsorted/talkbubble_4x4_AB.mat using Guid(182ac69dbd8e4f94c97e89321439fd1a) Importer(815301076,1909f56bfc062723c751e8b465ee728b)  -> (artifact id: '719a5618328ecd5ffe24ade7a9eed3d1') in 0.016042 seconds 
========================================================================
Received Import Request.
  Time since last request: 0.000018 seconds.
  path: Assets/Epic Toon FX/Materials/Misc/Text/txt_crit.mat
  artifactKey: Guid(bceb0224a7db7da47ac726e87693ec61) Importer(815301076,1909f56bfc062723c751e8b465ee728b)
Start importing Assets/Epic Toon FX/Materials/Misc/Text/txt_crit.mat using Guid(bceb0224a7db7da47ac726e87693ec61) Importer(815301076,1909f56bfc062723c751e8b465ee728b)  -> (artifact id: 'c66a18d27aaf688a185e62e57488fa85') in 0.012567 seconds 
========================================================================
Received Import Request.
  Time since last request: 0.000026 seconds.
  path: Assets/Epic Toon FX/Materials/Misc/Unsorted/talkbubble_AB.mat
  artifactKey: Guid(a37ef22d25609254c8910ec57ea04195) Importer(815301076,1909f56bfc062723c751e8b465ee728b)
Start importing Assets/Epic Toon FX/Materials/Misc/Unsorted/talkbubble_AB.mat using Guid(a37ef22d25609254c8910ec57ea04195) Importer(815301076,1909f56bfc062723c751e8b465ee728b)  -> (artifact id: 'ad32c636f68dc630882b61ee953f04f9') in 0.014434 seconds 
========================================================================
Received Import Request.
  Time since last request: 0.000018 seconds.
  path: Assets/Epic Toon FX/Materials/Misc/Text/txt_crash.mat
  artifactKey: Guid(aec3f2563060c9948b968686eb2d8dd1) Importer(815301076,1909f56bfc062723c751e8b465ee728b)
Start importing Assets/Epic Toon FX/Materials/Misc/Text/txt_crash.mat using Guid(aec3f2563060c9948b968686eb2d8dd1) Importer(815301076,1909f56bfc062723c751e8b465ee728b)  -> (artifact id: 'b590b50c4ec6faf9d8dd35724fe769c8') in 0.011737 seconds 
========================================================================
Received Import Request.
  Time since last request: 0.000023 seconds.
  path: Assets/Epic Toon FX/Materials/Misc/Text/txt_clunk.mat
  artifactKey: Guid(8f426336a639e954896cbef863ebec6c) Importer(815301076,1909f56bfc062723c751e8b465ee728b)
Start importing Assets/Epic Toon FX/Materials/Misc/Text/txt_clunk.mat using Guid(8f426336a639e954896cbef863ebec6c) Importer(815301076,1909f56bfc062723c751e8b465ee728b)  -> (artifact id: '4d395bb8dd18973e202cf9bfbd3d3a6d') in 0.012407 seconds 
========================================================================
Received Import Request.
  Time since last request: 0.000022 seconds.
  path: Assets/Epic Toon FX/Materials/Misc/Stars/star_soft_4x4_AB.mat
  artifactKey: Guid(0df6b6daad61ec1499bad232740b5e25) Importer(815301076,1909f56bfc062723c751e8b465ee728b)
Start importing Assets/Epic Toon FX/Materials/Misc/Stars/star_soft_4x4_AB.mat using Guid(0df6b6daad61ec1499bad232740b5e25) Importer(815301076,1909f56bfc062723c751e8b465ee728b)  -> (artifact id: 'cebcd4e34ac882b9820d839ea8a9fa4d') in 0.018239 seconds 
========================================================================
Received Import Request.
  Time since last request: 1.801898 seconds.
  path: Assets/Epic Toon FX/Materials/Misc/Text/txt_kick.mat
  artifactKey: Guid(6094d48ca7d34d5439e39b0d5b7fab63) Importer(815301076,1909f56bfc062723c751e8b465ee728b)
Start importing Assets/Epic Toon FX/Materials/Misc/Text/txt_kick.mat using Guid(6094d48ca7d34d5439e39b0d5b7fab63) Importer(815301076,1909f56bfc062723c751e8b465ee728b)  -> (artifact id: '946d94b7de83f34050b3effd2e46701d') in 0.012113 seconds 
========================================================================
Received Import Request.
  Time since last request: 0.000016 seconds.
  path: Assets/Epic Toon FX/Materials/Misc/Text/txt_pow.mat
  artifactKey: Guid(302d3d9c80c53184396264abfad0da61) Importer(815301076,1909f56bfc062723c751e8b465ee728b)
Start importing Assets/Epic Toon FX/Materials/Misc/Text/txt_pow.mat using Guid(302d3d9c80c53184396264abfad0da61) Importer(815301076,1909f56bfc062723c751e8b465ee728b)  -> (artifact id: '247a6703a262a13da045c6b7375dba3f') in 0.017707 seconds 
========================================================================
Received Import Request.
  Time since last request: 0.000025 seconds.
  path: Assets/Epic Toon FX/Materials/Misc/Text/txt_omg.mat
  artifactKey: Guid(2d79de83bc5accf4b83168c2fa2d1078) Importer(815301076,1909f56bfc062723c751e8b465ee728b)
Start importing Assets/Epic Toon FX/Materials/Misc/Text/txt_omg.mat using Guid(2d79de83bc5accf4b83168c2fa2d1078) Importer(815301076,1909f56bfc062723c751e8b465ee728b)  -> (artifact id: '7e040b986f085f631014719bbc85352b') in 0.011903 seconds 
========================================================================
Received Import Request.
  Time since last request: 2.821083 seconds.
  path: Assets/Epic Toon FX/Materials/Misc/Text/txt_smooch.mat
  artifactKey: Guid(be3e58195b97a554f9706e5236ed3d8b) Importer(815301076,1909f56bfc062723c751e8b465ee728b)
Start importing Assets/Epic Toon FX/Materials/Misc/Text/txt_smooch.mat using Guid(be3e58195b97a554f9706e5236ed3d8b) Importer(815301076,1909f56bfc062723c751e8b465ee728b)  -> (artifact id: '63c94d638895feacf051a6a585ce19eb') in 0.013317 seconds 
========================================================================
Received Import Request.
  Time since last request: 0.000017 seconds.
  path: Assets/Epic Toon FX/Materials/Misc/Text/txt_splat.mat
  artifactKey: Guid(fa91eedb5f32d134fb33f69090cd88b0) Importer(815301076,1909f56bfc062723c751e8b465ee728b)
Start importing Assets/Epic Toon FX/Materials/Misc/Text/txt_splat.mat using Guid(fa91eedb5f32d134fb33f69090cd88b0) Importer(815301076,1909f56bfc062723c751e8b465ee728b)  -> (artifact id: '5e4b0c193ba4e5c5d8c7d9e7447b8a2b') in 0.016236 seconds 
========================================================================
Received Import Request.
  Time since last request: 0.000028 seconds.
  path: Assets/Epic Toon FX/Materials/Misc/Text/txt_whammm.mat
  artifactKey: Guid(45f7673272e503143a07409dedca11c9) Importer(815301076,1909f56bfc062723c751e8b465ee728b)
Start importing Assets/Epic Toon FX/Materials/Misc/Text/txt_whammm.mat using Guid(45f7673272e503143a07409dedca11c9) Importer(815301076,1909f56bfc062723c751e8b465ee728b)  -> (artifact id: 'bc7ce2d2a51b72848b348ea7826def54') in 0.013182 seconds 
========================================================================
Received Import Request.
  Time since last request: 0.021061 seconds.
  path: Assets/Epic Toon FX/Models/Materials/verticalgradient2.mat
  artifactKey: Guid(382614c536960ac4db0af4494d0aea32) Importer(815301076,1909f56bfc062723c751e8b465ee728b)
Start importing Assets/Epic Toon FX/Models/Materials/verticalgradient2.mat using Guid(382614c536960ac4db0af4494d0aea32) Importer(815301076,1909f56bfc062723c751e8b465ee728b)  -> (artifact id: '12b0fd9c7fa4caeab36c602302a5fc6d') in 0.009990 seconds 
========================================================================
Received Import Request.
  Time since last request: 0.000077 seconds.
  path: Assets/Epic Toon FX/Materials/Misc/Warnings/warn_bolt_AB.mat
  artifactKey: Guid(b5561c20d7993a5458c2d0c10c531b8b) Importer(815301076,1909f56bfc062723c751e8b465ee728b)
Start importing Assets/Epic Toon FX/Materials/Misc/Warnings/warn_bolt_AB.mat using Guid(b5561c20d7993a5458c2d0c10c531b8b) Importer(815301076,1909f56bfc062723c751e8b465ee728b)  -> (artifact id: '70bcb341ed695d40e36e8fc2d7beba72') in 0.011249 seconds 
========================================================================
Received Import Request.
  Time since last request: 0.000020 seconds.
  path: Assets/Epic Toon FX/Materials/Misc/Warnings/warn_exclamation_AB.mat
  artifactKey: Guid(87fb39c28a87c3243a3ec4d55935dc2f) Importer(815301076,1909f56bfc062723c751e8b465ee728b)
Start importing Assets/Epic Toon FX/Materials/Misc/Warnings/warn_exclamation_AB.mat using Guid(87fb39c28a87c3243a3ec4d55935dc2f) Importer(815301076,1909f56bfc062723c751e8b465ee728b)  -> (artifact id: '58d09f55984f9dafe7b12c7643f9936a') in 0.010658 seconds 
========================================================================
Received Import Request.
  Time since last request: 0.302242 seconds.
  path: Assets/Epic Toon FX/Materials/Misc/Unsorted/wave_AB.mat
  artifactKey: Guid(21e4f05859013aa4689fa8d1c85e6e04) Importer(815301076,1909f56bfc062723c751e8b465ee728b)
Start importing Assets/Epic Toon FX/Materials/Misc/Unsorted/wave_AB.mat using Guid(21e4f05859013aa4689fa8d1c85e6e04) Importer(815301076,1909f56bfc062723c751e8b465ee728b)  -> (artifact id: '0fac3afc9d24eb872d16c68e89fbf7cc') in 0.012232 seconds 
Editor requested this worker to shutdown with reason: Scaling down because of idle timeout
AssetImportWorker is now disconnected from the server
Process exiting
Exiting without the bug reporter. Application will terminate with return code 0