Using pre-set license
Built from '2021.2/staging' branch; Version is '2021.2.12f1 (48b1aa000234) revision 4764074'; Using compiler version '192829333'; Build Type 'Release'
OS: 'Windows 10  (10.0.19044) 64bit Professional' Language: 'en' Physical Memory: 16303 MB
BatchMode: 1, IsHumanControllingUs: 0, StartBugReporterOnCrash: 0, Is64bit: 1, IsPro: 0

COMMAND LINE ARGUMENTS:
C:\Program Files\Unity\Hub\Editor\2021.2.12f1\Editor\Unity.exe
-adb2
-batchMode
-noUpm
-name
AssetImportWorker11
-projectPath
D:/Confidential/BulletHell-Game/BulletHell Game
-logFile
Logs/AssetImportWorker11.log
-srvPort
14155
Successfully changed project path to: D:/Confidential/BulletHell-Game/BulletHell Game
D:/Confidential/BulletHell-Game/BulletHell Game
[UnityMemory] Configuration Parameters - Can be set up in boot.config
    "memorysetup-bucket-allocator-granularity=16"
    "memorysetup-bucket-allocator-bucket-count=8"
    "memorysetup-bucket-allocator-block-size=33554432"
    "memorysetup-bucket-allocator-block-count=8"
    "memorysetup-main-allocator-block-size=16777216"
    "memorysetup-thread-allocator-block-size=16777216"
    "memorysetup-gfx-main-allocator-block-size=16777216"
    "memorysetup-gfx-thread-allocator-block-size=16777216"
    "memorysetup-cache-allocator-block-size=4194304"
    "memorysetup-typetree-allocator-block-size=2097152"
    "memorysetup-profiler-bucket-allocator-granularity=16"
    "memorysetup-profiler-bucket-allocator-bucket-count=8"
    "memorysetup-profiler-bucket-allocator-block-size=33554432"
    "memorysetup-profiler-bucket-allocator-block-count=8"
    "memorysetup-profiler-allocator-block-size=16777216"
    "memorysetup-profiler-editor-allocator-block-size=1048576"
    "memorysetup-temp-allocator-size-main=16777216"
    "memorysetup-job-temp-allocator-block-size=2097152"
    "memorysetup-job-temp-allocator-block-size-background=1048576"
    "memorysetup-job-temp-allocator-reduction-small-platforms=262144"
    "memorysetup-temp-allocator-size-background-worker=32768"
    "memorysetup-temp-allocator-size-job-worker=262144"
    "memorysetup-temp-allocator-size-preload-manager=33554432"
    "memorysetup-temp-allocator-size-nav-mesh-worker=65536"
    "memorysetup-temp-allocator-size-audio-worker=65536"
    "memorysetup-temp-allocator-size-cloud-worker=32768"
    "memorysetup-temp-allocator-size-gi-baking-worker=262144"
    "memorysetup-temp-allocator-size-gfx=262144"
Refreshing native plugins compatible for Editor in 113.19 ms, found 3 plugins.
Preloading 0 native plugins for Editor in 0.00 ms.
Initialize engine version: 2021.2.12f1 (48b1aa000234)
[Subsystems] Discovering subsystems at path C:/Program Files/Unity/Hub/Editor/2021.2.12f1/Editor/Data/Resources/UnitySubsystems
[Subsystems] Discovering subsystems at path D:/Confidential/BulletHell-Game/BulletHell Game/Assets
GfxDevice: creating device client; threaded=0; jobified=0
Direct3D:
    Version:  Direct3D 11.0 [level 11.1]
    Renderer: NVIDIA GeForce GTX 1650 (ID=0x1f91)
    Vendor:   NVIDIA
    VRAM:     3962 MB
    Driver:   30.0.15.1179
Initialize mono
Mono path[0] = 'C:/Program Files/Unity/Hub/Editor/2021.2.12f1/Editor/Data/Managed'
Mono path[1] = 'C:/Program Files/Unity/Hub/Editor/2021.2.12f1/Editor/Data/MonoBleedingEdge/lib/mono/unityjit-win32'
Mono config path = 'C:/Program Files/Unity/Hub/Editor/2021.2.12f1/Editor/Data/MonoBleedingEdge/etc'
Using monoOptions --debugger-agent=transport=dt_socket,embedding=1,server=y,suspend=n,address=127.0.0.1:56436
Begin MonoManager ReloadAssembly
Registering precompiled unity dll's ...
Register platform support module: C:/Program Files/Unity/Hub/Editor/2021.2.12f1/Editor/Data/PlaybackEngines/WindowsStandaloneSupport/UnityEditor.WindowsStandalone.Extensions.dll
Registered in 0.012663 seconds.
Native extension for WindowsStandalone target not found
Refreshing native plugins compatible for Editor in 116.62 ms, found 3 plugins.
Preloading 0 native plugins for Editor in 0.00 ms.
Mono: successfully reloaded assembly
- Completed reload, in  0.722 seconds
Domain Reload Profiling:
	ReloadAssembly (723ms)
		BeginReloadAssembly (80ms)
			ExecutionOrderSort (0ms)
			DisableScriptedObjects (0ms)
			BackupInstance (0ms)
			ReleaseScriptingObjects (0ms)
			CreateAndSetChildDomain (1ms)
		EndReloadAssembly (502ms)
			LoadAssemblies (77ms)
			RebuildTransferFunctionScriptingTraits (0ms)
			SetupTypeCache (96ms)
			ReleaseScriptCaches (0ms)
			RebuildScriptCaches (30ms)
			SetupLoadedEditorAssemblies (324ms)
				LogAssemblyErrors (0ms)
				InitializePlatformSupportModulesInManaged (9ms)
				SetLoadedEditorAssemblies (0ms)
				RefreshPlugins (117ms)
				BeforeProcessingInitializeOnLoad (2ms)
				ProcessInitializeOnLoadAttributes (153ms)
				ProcessInitializeOnLoadMethodAttributes (44ms)
				AfterProcessingInitializeOnLoad (0ms)
				EditorAssembliesLoaded (0ms)
			ExecutionOrderSort2 (0ms)
			AwakeInstancesAfterBackupRestoration (0ms)
Platform modules already initialized, skipping
Registering precompiled user dll's ...
Registered in 0.006177 seconds.
Begin MonoManager ReloadAssembly
Symbol file LoadedFromMemory doesn't match image D:\Confidential\BulletHell-Game\BulletHell Game\Library\PackageCache\com.unity.visualscripting@1.7.6\Editor\VisualScripting.Core\Dependencies\YamlDotNet\Unity.VisualScripting.YamlDotNet.dll
Symbol file LoadedFromMemory doesn't match image D:\Confidential\BulletHell-Game\BulletHell Game\Library\PackageCache\com.unity.visualscripting@1.7.6\Editor\VisualScripting.Core\Dependencies\DotNetZip\Unity.VisualScripting.IonicZip.dll
Native extension for WindowsStandalone target not found
Refreshing native plugins compatible for Editor in 112.88 ms, found 3 plugins.
Preloading 0 native plugins for Editor in 0.00 ms.
Mono: successfully reloaded assembly
- Completed reload, in  1.286 seconds
Domain Reload Profiling:
	ReloadAssembly (1286ms)
		BeginReloadAssembly (132ms)
			ExecutionOrderSort (0ms)
			DisableScriptedObjects (6ms)
			BackupInstance (0ms)
			ReleaseScriptingObjects (0ms)
			CreateAndSetChildDomain (20ms)
		EndReloadAssembly (1029ms)
			LoadAssemblies (105ms)
			RebuildTransferFunctionScriptingTraits (0ms)
			SetupTypeCache (262ms)
			ReleaseScriptCaches (1ms)
			RebuildScriptCaches (58ms)
			SetupLoadedEditorAssemblies (571ms)
				LogAssemblyErrors (0ms)
				InitializePlatformSupportModulesInManaged (7ms)
				SetLoadedEditorAssemblies (0ms)
				RefreshPlugins (113ms)
				BeforeProcessingInitializeOnLoad (95ms)
				ProcessInitializeOnLoadAttributes (326ms)
				ProcessInitializeOnLoadMethodAttributes (19ms)
				AfterProcessingInitializeOnLoad (11ms)
				EditorAssembliesLoaded (0ms)
			ExecutionOrderSort2 (0ms)
			AwakeInstancesAfterBackupRestoration (7ms)
Platform modules already initialized, skipping
========================================================================
Worker process is ready to serve import requests
Launched and connected shader compiler UnityShaderCompiler.exe after 0.05 seconds
Refreshing native plugins compatible for Editor in 0.78 ms, found 3 plugins.
Preloading 0 native plugins for Editor in 0.00 ms.
Unloading 3649 Unused Serialized files (Serialized files now loaded: 0)
Unloading 26 unused Assets / (112.2 KB). Loaded Objects now: 4116.
Memory consumption went from 133.0 MB to 132.9 MB.
Total: 3.370700 ms (FindLiveObjects: 0.271600 ms CreateObjectMapping: 0.182200 ms MarkObjects: 2.822100 ms  DeleteObjects: 0.094000 ms)

AssetImportParameters requested are different than current active one (requested -> active):
  custom:video-decoder-ogg-theora: a1e56fd34408186e4bbccfd4996cb3dc -> 
  custom:container-muxer-webm: aa71ff27fc2769a1b78a27578f13a17b -> 
  custom:container-demuxer-webm: 4f35f7cbe854078d1ac9338744f61a02 -> 
  custom:video-encoder-webm-vp8: eb34c28f22e8b96e1ab97ce403110664 -> 
  custom:video-codec-MediaFoundation-h265: e54d7ab0439102e2317fc1e4b246158d -> 
  custom:audio-encoder-webm-vorbis: bf7c407c2cedff20999df2af8eb42d56 -> 
  custom:framework-win-MediaFoundation: 216162199b28c13a410421893ffa2e32 -> 
  custom:container-demuxer-ogg: 62fdf1f143b41e24485cea50d1cbac27 -> 
  custom:video-decoder-webm-vp8: 9c59270c3fd7afecdb556c50c9e8de78 -> 
  custom:audio-decoder-ogg-vorbis: bf7c407c2cedff20999df2af8eb42d56 -> 
========================================================================
Received Import Request.
  Time since last request: 543437.129588 seconds.
  path: Assets/Epic Toon FX/Demo/Materials/Skybox/BlueSkybox.mat
  artifactKey: Guid(2c308a3b06c530748acc49e5e317ee58) Importer(815301076,1909f56bfc062723c751e8b465ee728b)
Start importing Assets/Epic Toon FX/Demo/Materials/Skybox/BlueSkybox.mat using Guid(2c308a3b06c530748acc49e5e317ee58) Importer(815301076,1909f56bfc062723c751e8b465ee728b)  -> (artifact id: '3296797454757cf23fbbbcb514d5462d') in 0.147919 seconds 
========================================================================
Received Import Request.
  Time since last request: 19.245007 seconds.
  path: Assets/YughuesFreeMetalMaterials/Materials/M_YFMM_09.mat
  artifactKey: Guid(815726b91e0e2d34a84b7ddc790e5b86) Importer(815301076,1909f56bfc062723c751e8b465ee728b)
Start importing Assets/YughuesFreeMetalMaterials/Materials/M_YFMM_09.mat using Guid(815726b91e0e2d34a84b7ddc790e5b86) Importer(815301076,1909f56bfc062723c751e8b465ee728b)  -> (artifact id: '0e844157532dd90c6a858c4171bbb37d') in 0.022659 seconds 
========================================================================
Received Import Request.
  Time since last request: 6.055749 seconds.
  path: Assets/YughuesFreeMetalMaterials/Materials/M_YFMM_34.mat
  artifactKey: Guid(4a2abd4f67aefc24b9c6cca2d197adc7) Importer(815301076,1909f56bfc062723c751e8b465ee728b)
Start importing Assets/YughuesFreeMetalMaterials/Materials/M_YFMM_34.mat using Guid(4a2abd4f67aefc24b9c6cca2d197adc7) Importer(815301076,1909f56bfc062723c751e8b465ee728b)  -> (artifact id: '7cacf6238b016100644a6a58259718a0') in 0.014604 seconds 
========================================================================
Received Import Request.
  Time since last request: 213.367543 seconds.
  path: Assets/Prefabs/Bullet2.prefab
  artifactKey: Guid(555e845b3626691468e66f3b7ae45e57) Importer(815301076,1909f56bfc062723c751e8b465ee728b)
Start importing Assets/Prefabs/Bullet2.prefab using Guid(555e845b3626691468e66f3b7ae45e57) Importer(815301076,1909f56bfc062723c751e8b465ee728b)  -> (artifact id: 'dd65f2858ad5188e0299c3328215c374') in 0.140854 seconds 
========================================================================
Received Import Request.
  Time since last request: 81.039532 seconds.
  path: Assets/Epic Toon FX/Upgrade
  artifactKey: Guid(4d72081c398a58243be8a7305f3618e7) Importer(815301076,1909f56bfc062723c751e8b465ee728b)
Start importing Assets/Epic Toon FX/Upgrade using Guid(4d72081c398a58243be8a7305f3618e7) Importer(815301076,1909f56bfc062723c751e8b465ee728b)  -> (artifact id: 'edf91003a6345dd8df67e4682a4fdc23') in 0.001860 seconds 
========================================================================
Received Import Request.
  Time since last request: 9.410206 seconds.
  path: Assets/Epic Toon FX/Prefabs/Interactive/Portals
  artifactKey: Guid(41cee92bde595e6448a1fe7756074eb7) Importer(815301076,1909f56bfc062723c751e8b465ee728b)
Start importing Assets/Epic Toon FX/Prefabs/Interactive/Portals using Guid(41cee92bde595e6448a1fe7756074eb7) Importer(815301076,1909f56bfc062723c751e8b465ee728b)  -> (artifact id: 'd246d7f955da874c579c6eae2cc8c1d6') in 0.001865 seconds 
========================================================================
Received Import Request.
  Time since last request: 0.915479 seconds.
  path: Assets/Epic Toon FX/Prefabs/Interactive/Portals/SoftPortal
  artifactKey: Guid(c45111b63503a95468779832e7091bd0) Importer(815301076,1909f56bfc062723c751e8b465ee728b)
Start importing Assets/Epic Toon FX/Prefabs/Interactive/Portals/SoftPortal using Guid(c45111b63503a95468779832e7091bd0) Importer(815301076,1909f56bfc062723c751e8b465ee728b)  -> (artifact id: 'bf353dbe7c26ce6f164487c182c2927e') in 0.002456 seconds 
========================================================================
Received Import Request.
  Time since last request: 0.047572 seconds.
  path: Assets/Epic Toon FX/Prefabs/Interactive/Portals/SoftPortal/SoftPortalBlue.prefab
  artifactKey: Guid(4ac57f160eaf69044aad55c4ff36d170) Importer(815301076,1909f56bfc062723c751e8b465ee728b)
Start importing Assets/Epic Toon FX/Prefabs/Interactive/Portals/SoftPortal/SoftPortalBlue.prefab using Guid(4ac57f160eaf69044aad55c4ff36d170) Importer(815301076,1909f56bfc062723c751e8b465ee728b)  -> (artifact id: '8c689dcc55ef0ff64e4417442111b0e3') in 0.015513 seconds 
========================================================================
Received Import Request.
  Time since last request: 0.000017 seconds.
  path: Assets/Epic Toon FX/Prefabs/Interactive/Portals/SoftPortal/SoftPortalRed.prefab
  artifactKey: Guid(594854dce2df4cf418247712084ccff1) Importer(815301076,1909f56bfc062723c751e8b465ee728b)
Start importing Assets/Epic Toon FX/Prefabs/Interactive/Portals/SoftPortal/SoftPortalRed.prefab using Guid(594854dce2df4cf418247712084ccff1) Importer(815301076,1909f56bfc062723c751e8b465ee728b)  -> (artifact id: '8be7b1c22f76641e6edfad4b8e480159') in 0.017502 seconds 
========================================================================
Received Import Request.
  Time since last request: 0.000018 seconds.
  path: Assets/Epic Toon FX/Prefabs/Interactive/Portals/SoftPortal/SoftPortalGreen.prefab
  artifactKey: Guid(9422ab977ff79274080fe65db5ed82c9) Importer(815301076,1909f56bfc062723c751e8b465ee728b)
Start importing Assets/Epic Toon FX/Prefabs/Interactive/Portals/SoftPortal/SoftPortalGreen.prefab using Guid(9422ab977ff79274080fe65db5ed82c9) Importer(815301076,1909f56bfc062723c751e8b465ee728b)  -> (artifact id: '2053a418b569dd7641bc32681dedc429') in 0.013013 seconds 
========================================================================
Received Import Request.
  Time since last request: 19.997818 seconds.
  path: Assets/Epic Toon FX/Prefabs/Interactive/Portals/SimplePortal
  artifactKey: Guid(103df1da95c480049a7253e7a09dc381) Importer(815301076,1909f56bfc062723c751e8b465ee728b)
Start importing Assets/Epic Toon FX/Prefabs/Interactive/Portals/SimplePortal using Guid(103df1da95c480049a7253e7a09dc381) Importer(815301076,1909f56bfc062723c751e8b465ee728b)  -> (artifact id: '9364a05780096f5e881c37d7e8336043') in 0.001806 seconds 
========================================================================
Received Import Request.
  Time since last request: 0.027335 seconds.
  path: Assets/Epic Toon FX/Prefabs/Interactive/Portals/SimplePortal/SimplePortalBlue.prefab
  artifactKey: Guid(0845aa8b2ce753145ab9bacc42062661) Importer(815301076,1909f56bfc062723c751e8b465ee728b)
Start importing Assets/Epic Toon FX/Prefabs/Interactive/Portals/SimplePortal/SimplePortalBlue.prefab using Guid(0845aa8b2ce753145ab9bacc42062661) Importer(815301076,1909f56bfc062723c751e8b465ee728b)  -> (artifact id: '0e180b626bc7fba3766d5c010c13008b') in 0.018446 seconds 
========================================================================
Received Import Request.
  Time since last request: 0.000017 seconds.
  path: Assets/Epic Toon FX/Prefabs/Interactive/Portals/SimplePortal/SimplePortalRed.prefab
  artifactKey: Guid(6da08197388d2854cbd29c147b0c7fa4) Importer(815301076,1909f56bfc062723c751e8b465ee728b)
Start importing Assets/Epic Toon FX/Prefabs/Interactive/Portals/SimplePortal/SimplePortalRed.prefab using Guid(6da08197388d2854cbd29c147b0c7fa4) Importer(815301076,1909f56bfc062723c751e8b465ee728b)  -> (artifact id: '203b5d045be4e069c28e31cfa7ea15f8') in 0.016289 seconds 
========================================================================
Received Import Request.
  Time since last request: 21.510433 seconds.
  path: Assets/Prefabs/Rocket.prefab
  artifactKey: Guid(f8ba65e34b91d064b9a29b3b24be0e6d) Importer(815301076,1909f56bfc062723c751e8b465ee728b)
Start importing Assets/Prefabs/Rocket.prefab using Guid(f8ba65e34b91d064b9a29b3b24be0e6d) Importer(815301076,1909f56bfc062723c751e8b465ee728b)  -> (artifact id: '94c845507c8ef6d58a7c9a7a52f62a45') in 0.023319 seconds 
========================================================================
Received Import Request.
  Time since last request: 20.358852 seconds.
  path: Assets/Epic Toon FX/Prefabs/Interactive/Zone
  artifactKey: Guid(2299dbb1f575a7e4e9f590d232d661a0) Importer(815301076,1909f56bfc062723c751e8b465ee728b)
Start importing Assets/Epic Toon FX/Prefabs/Interactive/Zone using Guid(2299dbb1f575a7e4e9f590d232d661a0) Importer(815301076,1909f56bfc062723c751e8b465ee728b)  -> (artifact id: 'e2cb517434ef05013c7b967518aa366c') in 0.002304 seconds 
========================================================================
Received Import Request.
  Time since last request: 0.966681 seconds.
  path: Assets/Epic Toon FX/Prefabs/Interactive/Zone/BasicZone
  artifactKey: Guid(dacb8673ed1ace748ae2c6a92a877ee9) Importer(815301076,1909f56bfc062723c751e8b465ee728b)
Start importing Assets/Epic Toon FX/Prefabs/Interactive/Zone/BasicZone using Guid(dacb8673ed1ace748ae2c6a92a877ee9) Importer(815301076,1909f56bfc062723c751e8b465ee728b)  -> (artifact id: '4e5f399e89cec89b9319d1756dc27ae9') in 0.002074 seconds 
========================================================================
Received Import Request.
  Time since last request: 0.034294 seconds.
  path: Assets/Epic Toon FX/Prefabs/Interactive/Zone/BasicZone/BasicZoneBlue.prefab
  artifactKey: Guid(79cd481c8e7a27a44ba9a78fbb16b903) Importer(815301076,1909f56bfc062723c751e8b465ee728b)
Start importing Assets/Epic Toon FX/Prefabs/Interactive/Zone/BasicZone/BasicZoneBlue.prefab using Guid(79cd481c8e7a27a44ba9a78fbb16b903) Importer(815301076,1909f56bfc062723c751e8b465ee728b)  -> (artifact id: 'd893828f36403fee147033e7b3598312') in 0.014648 seconds 
========================================================================
Received Import Request.
  Time since last request: 0.000018 seconds.
  path: Assets/Epic Toon FX/Prefabs/Interactive/Zone/BasicZone/BasicZoneWhite.prefab
  artifactKey: Guid(22c40b612022044449a3cead95148403) Importer(815301076,1909f56bfc062723c751e8b465ee728b)
Start importing Assets/Epic Toon FX/Prefabs/Interactive/Zone/BasicZone/BasicZoneWhite.prefab using Guid(22c40b612022044449a3cead95148403) Importer(815301076,1909f56bfc062723c751e8b465ee728b)  -> (artifact id: 'a069ada7eba8942cfbcf57c1889e4716') in 0.014130 seconds 
========================================================================
Received Import Request.
  Time since last request: 17.101658 seconds.
  path: Assets/Epic Toon FX/Prefabs/Interactive/Warning
  artifactKey: Guid(4000b79d061b8d44187531d66d3cb1aa) Importer(815301076,1909f56bfc062723c751e8b465ee728b)
Start importing Assets/Epic Toon FX/Prefabs/Interactive/Warning using Guid(4000b79d061b8d44187531d66d3cb1aa) Importer(815301076,1909f56bfc062723c751e8b465ee728b)  -> (artifact id: 'dec0a967e2ecc5026f1abf70acf99d85') in 0.001996 seconds 
========================================================================
Received Import Request.
  Time since last request: 0.053134 seconds.
  path: Assets/Epic Toon FX/Prefabs/Interactive/Warning/WarningBolt.prefab
  artifactKey: Guid(d1b5f65f34ff0bc4ebcda3f442d4a587) Importer(815301076,1909f56bfc062723c751e8b465ee728b)
Start importing Assets/Epic Toon FX/Prefabs/Interactive/Warning/WarningBolt.prefab using Guid(d1b5f65f34ff0bc4ebcda3f442d4a587) Importer(815301076,1909f56bfc062723c751e8b465ee728b)  -> (artifact id: 'f33df0d0530e76489ad2dfc9866615af') in 0.013594 seconds 
========================================================================
Received Import Request.
  Time since last request: 0.000025 seconds.
  path: Assets/Epic Toon FX/Prefabs/Interactive/Warning/WarningSkull.prefab
  artifactKey: Guid(dd2abe81893672541a12f012f740db94) Importer(815301076,1909f56bfc062723c751e8b465ee728b)
Start importing Assets/Epic Toon FX/Prefabs/Interactive/Warning/WarningSkull.prefab using Guid(dd2abe81893672541a12f012f740db94) Importer(815301076,1909f56bfc062723c751e8b465ee728b)  -> (artifact id: 'fe8fffce9b8768e749dd9c6cab1d5b37') in 0.012893 seconds 
========================================================================
Received Import Request.
  Time since last request: 17.681738 seconds.
  path: Assets/Epic Toon FX/Prefabs/Interactive/Feathers
  artifactKey: Guid(c51b82d72661bd045a90977aeb0bedda) Importer(815301076,1909f56bfc062723c751e8b465ee728b)
Start importing Assets/Epic Toon FX/Prefabs/Interactive/Feathers using Guid(c51b82d72661bd045a90977aeb0bedda) Importer(815301076,1909f56bfc062723c751e8b465ee728b)  -> (artifact id: '0be630d1883db222ff4911b5774d7bea') in 0.001854 seconds 
========================================================================
Received Import Request.
  Time since last request: 12.542690 seconds.
  path: Assets/Epic Toon FX/Prefabs/Interactive/Sparkle
  artifactKey: Guid(c0a95cc04a8ed464c8ce70aac281f9d6) Importer(815301076,1909f56bfc062723c751e8b465ee728b)
Start importing Assets/Epic Toon FX/Prefabs/Interactive/Sparkle using Guid(c0a95cc04a8ed464c8ce70aac281f9d6) Importer(815301076,1909f56bfc062723c751e8b465ee728b)  -> (artifact id: 'aaa1c975257087ba1d451a9d4f7b026b') in 0.002101 seconds 
========================================================================
Received Import Request.
  Time since last request: 0.052346 seconds.
  path: Assets/Epic Toon FX/Prefabs/Interactive/Sparkle/TinySparkle.prefab
  artifactKey: Guid(b043edfe6ed22be46b3d939fd3f3e5bb) Importer(815301076,1909f56bfc062723c751e8b465ee728b)
Start importing Assets/Epic Toon FX/Prefabs/Interactive/Sparkle/TinySparkle.prefab using Guid(b043edfe6ed22be46b3d939fd3f3e5bb) Importer(815301076,1909f56bfc062723c751e8b465ee728b)  -> (artifact id: '0461bfa057d9f8aa994642bbbace08e5') in 0.012018 seconds 
========================================================================
Received Import Request.
  Time since last request: 4.490291 seconds.
  path: Assets/Epic Toon FX/Prefabs/Interactive/Sparkle/SparkleArea
  artifactKey: Guid(20cf8d1624b585f44968e4b39e33d47c) Importer(815301076,1909f56bfc062723c751e8b465ee728b)
Start importing Assets/Epic Toon FX/Prefabs/Interactive/Sparkle/SparkleArea using Guid(20cf8d1624b585f44968e4b39e33d47c) Importer(815301076,1909f56bfc062723c751e8b465ee728b)  -> (artifact id: '69db3b6857f6f89f198f1c38bfee7f08') in 0.001914 seconds 
========================================================================
Received Import Request.
  Time since last request: 0.006002 seconds.
  path: Assets/Epic Toon FX/Prefabs/Interactive/Sparkle/SparkleArea/SparkleAreaBlue.prefab
  artifactKey: Guid(db1ef0db102f5864986443fb43fd0f64) Importer(815301076,1909f56bfc062723c751e8b465ee728b)
Start importing Assets/Epic Toon FX/Prefabs/Interactive/Sparkle/SparkleArea/SparkleAreaBlue.prefab using Guid(db1ef0db102f5864986443fb43fd0f64) Importer(815301076,1909f56bfc062723c751e8b465ee728b)  -> (artifact id: 'b99ff69496d7e16988db7cacc3bbf957') in 0.014739 seconds 
========================================================================
Received Import Request.
  Time since last request: 0.000016 seconds.
  path: Assets/Epic Toon FX/Prefabs/Interactive/Sparkle/SparkleArea/SparkleAreaWhite.prefab
  artifactKey: Guid(00dac97cdd613fe49a4eb911783ae686) Importer(815301076,1909f56bfc062723c751e8b465ee728b)
Start importing Assets/Epic Toon FX/Prefabs/Interactive/Sparkle/SparkleArea/SparkleAreaWhite.prefab using Guid(00dac97cdd613fe49a4eb911783ae686) Importer(815301076,1909f56bfc062723c751e8b465ee728b)  -> (artifact id: '638f0eeddcaf50b6c4aa82f7683064a1') in 0.015119 seconds 
========================================================================
Received Import Request.
  Time since last request: 27.140126 seconds.
  path: Assets/Epic Toon FX/Prefabs/Interactive/Loot/GlowOrb
  artifactKey: Guid(204bb38edf71f474b93ef0da3e195df2) Importer(815301076,1909f56bfc062723c751e8b465ee728b)
Start importing Assets/Epic Toon FX/Prefabs/Interactive/Loot/GlowOrb using Guid(204bb38edf71f474b93ef0da3e195df2) Importer(815301076,1909f56bfc062723c751e8b465ee728b)  -> (artifact id: 'd1ece1b806bc374c483ad0f9d806fb89') in 0.002365 seconds 
========================================================================
Received Import Request.
  Time since last request: 0.038244 seconds.
  path: Assets/Epic Toon FX/Prefabs/Interactive/Loot/GlowOrb/GlowOrbBlue.prefab
  artifactKey: Guid(0a27a995f3451f741b32f5f6bf27155b) Importer(815301076,1909f56bfc062723c751e8b465ee728b)
Start importing Assets/Epic Toon FX/Prefabs/Interactive/Loot/GlowOrb/GlowOrbBlue.prefab using Guid(0a27a995f3451f741b32f5f6bf27155b) Importer(815301076,1909f56bfc062723c751e8b465ee728b)  -> (artifact id: '8b7eb6c9e4ce3e032f3d9c68971a4675') in 0.017807 seconds 
========================================================================
Received Import Request.
  Time since last request: 0.000017 seconds.
  path: Assets/Epic Toon FX/Prefabs/Interactive/Loot/GlowOrb/GlowOrbYellow.prefab
  artifactKey: Guid(661f21b6e6d0a6543a4a1a9122f017b0) Importer(815301076,1909f56bfc062723c751e8b465ee728b)
Start importing Assets/Epic Toon FX/Prefabs/Interactive/Loot/GlowOrb/GlowOrbYellow.prefab using Guid(661f21b6e6d0a6543a4a1a9122f017b0) Importer(815301076,1909f56bfc062723c751e8b465ee728b)  -> (artifact id: 'f878601b55b0b46265eefc604b2254d0') in 0.012711 seconds 
========================================================================
Received Import Request.
  Time since last request: 14.974924 seconds.
  path: Assets/Epic Toon FX/Prefabs/Interactive/Loot/ItemSparkle
  artifactKey: Guid(9d05cba385a62cf42b9017703c1283ef) Importer(815301076,1909f56bfc062723c751e8b465ee728b)
Start importing Assets/Epic Toon FX/Prefabs/Interactive/Loot/ItemSparkle using Guid(9d05cba385a62cf42b9017703c1283ef) Importer(815301076,1909f56bfc062723c751e8b465ee728b)  -> (artifact id: '86d6088ed959daf50a16d0c2772db2c4') in 0.001870 seconds 
========================================================================
Received Import Request.
  Time since last request: 0.045105 seconds.
  path: Assets/Epic Toon FX/Prefabs/Interactive/Loot/ItemSparkle/ItemSparkleBlue.prefab
  artifactKey: Guid(0fb0846ec7b795e4586da62f99d560a5) Importer(815301076,1909f56bfc062723c751e8b465ee728b)
Start importing Assets/Epic Toon FX/Prefabs/Interactive/Loot/ItemSparkle/ItemSparkleBlue.prefab using Guid(0fb0846ec7b795e4586da62f99d560a5) Importer(815301076,1909f56bfc062723c751e8b465ee728b)  -> (artifact id: '000c48b59f9a0539f4161f99b1dde30b') in 0.013639 seconds 
========================================================================
Received Import Request.
  Time since last request: 0.000016 seconds.
  path: Assets/Epic Toon FX/Prefabs/Interactive/Loot/ItemSparkle/ItemSparkleRainbow.prefab
  artifactKey: Guid(eacea826f9985a14ab05a1665abfce71) Importer(815301076,1909f56bfc062723c751e8b465ee728b)
Start importing Assets/Epic Toon FX/Prefabs/Interactive/Loot/ItemSparkle/ItemSparkleRainbow.prefab using Guid(eacea826f9985a14ab05a1665abfce71) Importer(815301076,1909f56bfc062723c751e8b465ee728b)  -> (artifact id: '35bbf4a297ed370b9dc46efd27031054') in 0.015369 seconds 
========================================================================
Received Import Request.
  Time since last request: 0.000017 seconds.
  path: Assets/Epic Toon FX/Prefabs/Interactive/Loot/ItemSparkle/ItemSparkleWhite.prefab
  artifactKey: Guid(bde9dad2b40fafe47b094dc6236a24d1) Importer(815301076,1909f56bfc062723c751e8b465ee728b)
Start importing Assets/Epic Toon FX/Prefabs/Interactive/Loot/ItemSparkle/ItemSparkleWhite.prefab using Guid(bde9dad2b40fafe47b094dc6236a24d1) Importer(815301076,1909f56bfc062723c751e8b465ee728b)  -> (artifact id: '2bd6e41afe7e17a68aa9b221e303d46c') in 0.012203 seconds 
========================================================================
Received Prepare
Registering precompiled user dll's ...
Registered in 0.006216 seconds.
Begin MonoManager ReloadAssembly
Symbol file LoadedFromMemory doesn't match image D:\Confidential\BulletHell-Game\BulletHell Game\Library\PackageCache\com.unity.visualscripting@1.7.6\Editor\VisualScripting.Core\Dependencies\YamlDotNet\Unity.VisualScripting.YamlDotNet.dll
Symbol file LoadedFromMemory doesn't match image D:\Confidential\BulletHell-Game\BulletHell Game\Library\PackageCache\com.unity.visualscripting@1.7.6\Editor\VisualScripting.Core\Dependencies\DotNetZip\Unity.VisualScripting.IonicZip.dll
Native extension for WindowsStandalone target not found
Refreshing native plugins compatible for Editor in 0.78 ms, found 3 plugins.
Preloading 0 native plugins for Editor in 0.00 ms.
Mono: successfully reloaded assembly
- Completed reload, in  1.173 seconds
Domain Reload Profiling:
	ReloadAssembly (1173ms)
		BeginReloadAssembly (156ms)
			ExecutionOrderSort (0ms)
			DisableScriptedObjects (5ms)
			BackupInstance (0ms)
			ReleaseScriptingObjects (0ms)
			CreateAndSetChildDomain (40ms)
		EndReloadAssembly (895ms)
			LoadAssemblies (116ms)
			RebuildTransferFunctionScriptingTraits (0ms)
			SetupTypeCache (291ms)
			ReleaseScriptCaches (1ms)
			RebuildScriptCaches (50ms)
			SetupLoadedEditorAssemblies (373ms)
				LogAssemblyErrors (0ms)
				InitializePlatformSupportModulesInManaged (14ms)
				SetLoadedEditorAssemblies (0ms)
				RefreshPlugins (1ms)
				BeforeProcessingInitializeOnLoad (73ms)
				ProcessInitializeOnLoadAttributes (250ms)
				ProcessInitializeOnLoadMethodAttributes (24ms)
				AfterProcessingInitializeOnLoad (11ms)
				EditorAssembliesLoaded (0ms)
			ExecutionOrderSort2 (0ms)
			AwakeInstancesAfterBackupRestoration (7ms)
Platform modules already initialized, skipping
Refreshing native plugins compatible for Editor in 2.30 ms, found 3 plugins.
Preloading 0 native plugins for Editor in 0.00 ms.
Unloading 3630 Unused Serialized files (Serialized files now loaded: 0)
Unloading 19 unused Assets / (80.2 KB). Loaded Objects now: 4159.
Memory consumption went from 136.2 MB to 136.2 MB.
Total: 3.347200 ms (FindLiveObjects: 0.264600 ms CreateObjectMapping: 0.170800 ms MarkObjects: 2.836800 ms  DeleteObjects: 0.074100 ms)

AssetImportParameters requested are different than current active one (requested -> active):
  custom:video-decoder-ogg-theora: a1e56fd34408186e4bbccfd4996cb3dc -> 
  custom:container-muxer-webm: aa71ff27fc2769a1b78a27578f13a17b -> 
  custom:container-demuxer-webm: 4f35f7cbe854078d1ac9338744f61a02 -> 
  custom:video-encoder-webm-vp8: eb34c28f22e8b96e1ab97ce403110664 -> 
  custom:video-codec-MediaFoundation-h265: e54d7ab0439102e2317fc1e4b246158d -> 
  custom:audio-encoder-webm-vorbis: bf7c407c2cedff20999df2af8eb42d56 -> 
  custom:framework-win-MediaFoundation: 216162199b28c13a410421893ffa2e32 -> 
  custom:container-demuxer-ogg: 62fdf1f143b41e24485cea50d1cbac27 -> 
  custom:video-decoder-webm-vp8: 9c59270c3fd7afecdb556c50c9e8de78 -> 
  custom:audio-decoder-ogg-vorbis: bf7c407c2cedff20999df2af8eb42d56 -> 
========================================================================
Received Prepare
Registering precompiled user dll's ...
Registered in 0.005625 seconds.
Begin MonoManager ReloadAssembly
Symbol file LoadedFromMemory doesn't match image D:\Confidential\BulletHell-Game\BulletHell Game\Library\PackageCache\com.unity.visualscripting@1.7.6\Editor\VisualScripting.Core\Dependencies\YamlDotNet\Unity.VisualScripting.YamlDotNet.dll
Symbol file LoadedFromMemory doesn't match image D:\Confidential\BulletHell-Game\BulletHell Game\Library\PackageCache\com.unity.visualscripting@1.7.6\Editor\VisualScripting.Core\Dependencies\DotNetZip\Unity.VisualScripting.IonicZip.dll
Native extension for WindowsStandalone target not found
Refreshing native plugins compatible for Editor in 1.08 ms, found 3 plugins.
Preloading 0 native plugins for Editor in 0.00 ms.
Mono: successfully reloaded assembly
- Completed reload, in  1.295 seconds
Domain Reload Profiling:
	ReloadAssembly (1296ms)
		BeginReloadAssembly (151ms)
			ExecutionOrderSort (0ms)
			DisableScriptedObjects (9ms)
			BackupInstance (0ms)
			ReleaseScriptingObjects (0ms)
			CreateAndSetChildDomain (34ms)
		EndReloadAssembly (1016ms)
			LoadAssemblies (106ms)
			RebuildTransferFunctionScriptingTraits (0ms)
			SetupTypeCache (297ms)
			ReleaseScriptCaches (1ms)
			RebuildScriptCaches (50ms)
			SetupLoadedEditorAssemblies (490ms)
				LogAssemblyErrors (0ms)
				InitializePlatformSupportModulesInManaged (22ms)
				SetLoadedEditorAssemblies (1ms)
				RefreshPlugins (1ms)
				BeforeProcessingInitializeOnLoad (94ms)
				ProcessInitializeOnLoadAttributes (321ms)
				ProcessInitializeOnLoadMethodAttributes (33ms)
				AfterProcessingInitializeOnLoad (17ms)
				EditorAssembliesLoaded (0ms)
			ExecutionOrderSort2 (0ms)
			AwakeInstancesAfterBackupRestoration (10ms)
Platform modules already initialized, skipping
Refreshing native plugins compatible for Editor in 2.92 ms, found 3 plugins.
Preloading 0 native plugins for Editor in 0.00 ms.
Unloading 3630 Unused Serialized files (Serialized files now loaded: 0)
Unloading 17 unused Assets / (79.2 KB). Loaded Objects now: 4161.
Memory consumption went from 136.2 MB to 136.2 MB.
Total: 4.840000 ms (FindLiveObjects: 0.299700 ms CreateObjectMapping: 0.316900 ms MarkObjects: 4.131900 ms  DeleteObjects: 0.090300 ms)

AssetImportParameters requested are different than current active one (requested -> active):
  custom:video-decoder-ogg-theora: a1e56fd34408186e4bbccfd4996cb3dc -> 
  custom:container-muxer-webm: aa71ff27fc2769a1b78a27578f13a17b -> 
  custom:container-demuxer-webm: 4f35f7cbe854078d1ac9338744f61a02 -> 
  custom:video-encoder-webm-vp8: eb34c28f22e8b96e1ab97ce403110664 -> 
  custom:video-codec-MediaFoundation-h265: e54d7ab0439102e2317fc1e4b246158d -> 
  custom:audio-encoder-webm-vorbis: bf7c407c2cedff20999df2af8eb42d56 -> 
  custom:framework-win-MediaFoundation: 216162199b28c13a410421893ffa2e32 -> 
  custom:container-demuxer-ogg: 62fdf1f143b41e24485cea50d1cbac27 -> 
  custom:video-decoder-webm-vp8: 9c59270c3fd7afecdb556c50c9e8de78 -> 
  custom:audio-decoder-ogg-vorbis: bf7c407c2cedff20999df2af8eb42d56 -> 
========================================================================
Received Prepare
Registering precompiled user dll's ...
Registered in 0.006549 seconds.
Begin MonoManager ReloadAssembly
Symbol file LoadedFromMemory doesn't match image D:\Confidential\BulletHell-Game\BulletHell Game\Library\PackageCache\com.unity.visualscripting@1.7.6\Editor\VisualScripting.Core\Dependencies\YamlDotNet\Unity.VisualScripting.YamlDotNet.dll
Symbol file LoadedFromMemory doesn't match image D:\Confidential\BulletHell-Game\BulletHell Game\Library\PackageCache\com.unity.visualscripting@1.7.6\Editor\VisualScripting.Core\Dependencies\DotNetZip\Unity.VisualScripting.IonicZip.dll
Native extension for WindowsStandalone target not found
Refreshing native plugins compatible for Editor in 1.01 ms, found 3 plugins.
Preloading 0 native plugins for Editor in 0.00 ms.
Mono: successfully reloaded assembly
- Completed reload, in  1.429 seconds
Domain Reload Profiling:
	ReloadAssembly (1430ms)
		BeginReloadAssembly (184ms)
			ExecutionOrderSort (0ms)
			DisableScriptedObjects (7ms)
			BackupInstance (0ms)
			ReleaseScriptingObjects (0ms)
			CreateAndSetChildDomain (34ms)
		EndReloadAssembly (1024ms)
			LoadAssemblies (136ms)
			RebuildTransferFunctionScriptingTraits (0ms)
			SetupTypeCache (339ms)
			ReleaseScriptCaches (1ms)
			RebuildScriptCaches (47ms)
			SetupLoadedEditorAssemblies (455ms)
				LogAssemblyErrors (0ms)
				InitializePlatformSupportModulesInManaged (19ms)
				SetLoadedEditorAssemblies (1ms)
				RefreshPlugins (1ms)
				BeforeProcessingInitializeOnLoad (98ms)
				ProcessInitializeOnLoadAttributes (287ms)
				ProcessInitializeOnLoadMethodAttributes (30ms)
				AfterProcessingInitializeOnLoad (19ms)
				EditorAssembliesLoaded (0ms)
			ExecutionOrderSort2 (0ms)
			AwakeInstancesAfterBackupRestoration (11ms)
Platform modules already initialized, skipping
Refreshing native plugins compatible for Editor in 2.25 ms, found 3 plugins.
Preloading 0 native plugins for Editor in 0.00 ms.
Unloading 3630 Unused Serialized files (Serialized files now loaded: 0)
Unloading 17 unused Assets / (79.2 KB). Loaded Objects now: 4163.
Memory consumption went from 136.3 MB to 136.2 MB.
Total: 3.486300 ms (FindLiveObjects: 0.268300 ms CreateObjectMapping: 0.167100 ms MarkObjects: 2.982600 ms  DeleteObjects: 0.067500 ms)

AssetImportParameters requested are different than current active one (requested -> active):
  custom:video-decoder-ogg-theora: a1e56fd34408186e4bbccfd4996cb3dc -> 
  custom:container-muxer-webm: aa71ff27fc2769a1b78a27578f13a17b -> 
  custom:container-demuxer-webm: 4f35f7cbe854078d1ac9338744f61a02 -> 
  custom:video-encoder-webm-vp8: eb34c28f22e8b96e1ab97ce403110664 -> 
  custom:video-codec-MediaFoundation-h265: e54d7ab0439102e2317fc1e4b246158d -> 
  custom:audio-encoder-webm-vorbis: bf7c407c2cedff20999df2af8eb42d56 -> 
  custom:framework-win-MediaFoundation: 216162199b28c13a410421893ffa2e32 -> 
  custom:container-demuxer-ogg: 62fdf1f143b41e24485cea50d1cbac27 -> 
  custom:video-decoder-webm-vp8: 9c59270c3fd7afecdb556c50c9e8de78 -> 
  custom:audio-decoder-ogg-vorbis: bf7c407c2cedff20999df2af8eb42d56 -> 
