Using pre-set license
Built from '2021.2/staging' branch; Version is '2021.2.12f1 (48b1aa000234) revision 4764074'; Using compiler version '192829333'; Build Type 'Release'
OS: 'Windows 10  (10.0.19044) 64bit Professional' Language: 'en' Physical Memory: 16303 MB
BatchMode: 1, IsHumanControllingUs: 0, StartBugReporterOnCrash: 0, Is64bit: 1, IsPro: 0

COMMAND LINE ARGUMENTS:
C:\Program Files\Unity\Hub\Editor\2021.2.12f1\Editor\Unity.exe
-adb2
-batchMode
-noUpm
-name
AssetImportWorker12
-projectPath
D:/Confidential/BulletHell-Game/BulletHell Game
-logFile
Logs/AssetImportWorker12.log
-srvPort
14155
Successfully changed project path to: D:/Confidential/BulletHell-Game/BulletHell Game
D:/Confidential/BulletHell-Game/BulletHell Game
[UnityMemory] Configuration Parameters - Can be set up in boot.config
    "memorysetup-bucket-allocator-granularity=16"
    "memorysetup-bucket-allocator-bucket-count=8"
    "memorysetup-bucket-allocator-block-size=33554432"
    "memorysetup-bucket-allocator-block-count=8"
    "memorysetup-main-allocator-block-size=16777216"
    "memorysetup-thread-allocator-block-size=16777216"
    "memorysetup-gfx-main-allocator-block-size=16777216"
    "memorysetup-gfx-thread-allocator-block-size=16777216"
    "memorysetup-cache-allocator-block-size=4194304"
    "memorysetup-typetree-allocator-block-size=2097152"
    "memorysetup-profiler-bucket-allocator-granularity=16"
    "memorysetup-profiler-bucket-allocator-bucket-count=8"
    "memorysetup-profiler-bucket-allocator-block-size=33554432"
    "memorysetup-profiler-bucket-allocator-block-count=8"
    "memorysetup-profiler-allocator-block-size=16777216"
    "memorysetup-profiler-editor-allocator-block-size=1048576"
    "memorysetup-temp-allocator-size-main=16777216"
    "memorysetup-job-temp-allocator-block-size=2097152"
    "memorysetup-job-temp-allocator-block-size-background=1048576"
    "memorysetup-job-temp-allocator-reduction-small-platforms=262144"
    "memorysetup-temp-allocator-size-background-worker=32768"
    "memorysetup-temp-allocator-size-job-worker=262144"
    "memorysetup-temp-allocator-size-preload-manager=33554432"
    "memorysetup-temp-allocator-size-nav-mesh-worker=65536"
    "memorysetup-temp-allocator-size-audio-worker=65536"
    "memorysetup-temp-allocator-size-cloud-worker=32768"
    "memorysetup-temp-allocator-size-gi-baking-worker=262144"
    "memorysetup-temp-allocator-size-gfx=262144"
Refreshing native plugins compatible for Editor in 126.44 ms, found 3 plugins.
Preloading 0 native plugins for Editor in 0.00 ms.
Initialize engine version: 2021.2.12f1 (48b1aa000234)
[Subsystems] Discovering subsystems at path C:/Program Files/Unity/Hub/Editor/2021.2.12f1/Editor/Data/Resources/UnitySubsystems
[Subsystems] Discovering subsystems at path D:/Confidential/BulletHell-Game/BulletHell Game/Assets
GfxDevice: creating device client; threaded=0; jobified=0
Direct3D:
    Version:  Direct3D 11.0 [level 11.1]
    Renderer: NVIDIA GeForce GTX 1650 (ID=0x1f91)
    Vendor:   NVIDIA
    VRAM:     3962 MB
    Driver:   30.0.15.1179
Initialize mono
Mono path[0] = 'C:/Program Files/Unity/Hub/Editor/2021.2.12f1/Editor/Data/Managed'
Mono path[1] = 'C:/Program Files/Unity/Hub/Editor/2021.2.12f1/Editor/Data/MonoBleedingEdge/lib/mono/unityjit-win32'
Mono config path = 'C:/Program Files/Unity/Hub/Editor/2021.2.12f1/Editor/Data/MonoBleedingEdge/etc'
Using monoOptions --debugger-agent=transport=dt_socket,embedding=1,server=y,suspend=n,address=127.0.0.1:56832
Begin MonoManager ReloadAssembly
Registering precompiled unity dll's ...
Register platform support module: C:/Program Files/Unity/Hub/Editor/2021.2.12f1/Editor/Data/PlaybackEngines/WindowsStandaloneSupport/UnityEditor.WindowsStandalone.Extensions.dll
Registered in 0.010142 seconds.
Native extension for WindowsStandalone target not found
Refreshing native plugins compatible for Editor in 101.47 ms, found 3 plugins.
Preloading 0 native plugins for Editor in 0.00 ms.
Mono: successfully reloaded assembly
- Completed reload, in  0.749 seconds
Domain Reload Profiling:
	ReloadAssembly (750ms)
		BeginReloadAssembly (89ms)
			ExecutionOrderSort (0ms)
			DisableScriptedObjects (0ms)
			BackupInstance (0ms)
			ReleaseScriptingObjects (0ms)
			CreateAndSetChildDomain (1ms)
		EndReloadAssembly (525ms)
			LoadAssemblies (86ms)
			RebuildTransferFunctionScriptingTraits (0ms)
			SetupTypeCache (117ms)
			ReleaseScriptCaches (0ms)
			RebuildScriptCaches (30ms)
			SetupLoadedEditorAssemblies (320ms)
				LogAssemblyErrors (0ms)
				InitializePlatformSupportModulesInManaged (9ms)
				SetLoadedEditorAssemblies (0ms)
				RefreshPlugins (102ms)
				BeforeProcessingInitializeOnLoad (1ms)
				ProcessInitializeOnLoadAttributes (155ms)
				ProcessInitializeOnLoadMethodAttributes (53ms)
				AfterProcessingInitializeOnLoad (0ms)
				EditorAssembliesLoaded (0ms)
			ExecutionOrderSort2 (0ms)
			AwakeInstancesAfterBackupRestoration (0ms)
Platform modules already initialized, skipping
Registering precompiled user dll's ...
Registered in 0.006240 seconds.
Begin MonoManager ReloadAssembly
Symbol file LoadedFromMemory doesn't match image D:\Confidential\BulletHell-Game\BulletHell Game\Library\PackageCache\com.unity.visualscripting@1.7.6\Editor\VisualScripting.Core\Dependencies\YamlDotNet\Unity.VisualScripting.YamlDotNet.dll
Symbol file LoadedFromMemory doesn't match image D:\Confidential\BulletHell-Game\BulletHell Game\Library\PackageCache\com.unity.visualscripting@1.7.6\Editor\VisualScripting.Core\Dependencies\DotNetZip\Unity.VisualScripting.IonicZip.dll
Native extension for WindowsStandalone target not found
Refreshing native plugins compatible for Editor in 120.17 ms, found 3 plugins.
Preloading 0 native plugins for Editor in 0.00 ms.
Mono: successfully reloaded assembly
- Completed reload, in  1.363 seconds
Domain Reload Profiling:
	ReloadAssembly (1364ms)
		BeginReloadAssembly (129ms)
			ExecutionOrderSort (0ms)
			DisableScriptedObjects (6ms)
			BackupInstance (0ms)
			ReleaseScriptingObjects (0ms)
			CreateAndSetChildDomain (21ms)
		EndReloadAssembly (1107ms)
			LoadAssemblies (101ms)
			RebuildTransferFunctionScriptingTraits (0ms)
			SetupTypeCache (280ms)
			ReleaseScriptCaches (1ms)
			RebuildScriptCaches (59ms)
			SetupLoadedEditorAssemblies (631ms)
				LogAssemblyErrors (0ms)
				InitializePlatformSupportModulesInManaged (6ms)
				SetLoadedEditorAssemblies (0ms)
				RefreshPlugins (120ms)
				BeforeProcessingInitializeOnLoad (102ms)
				ProcessInitializeOnLoadAttributes (365ms)
				ProcessInitializeOnLoadMethodAttributes (24ms)
				AfterProcessingInitializeOnLoad (13ms)
				EditorAssembliesLoaded (0ms)
			ExecutionOrderSort2 (0ms)
			AwakeInstancesAfterBackupRestoration (8ms)
Platform modules already initialized, skipping
========================================================================
Worker process is ready to serve import requests
Launched and connected shader compiler UnityShaderCompiler.exe after 0.05 seconds
Refreshing native plugins compatible for Editor in 0.80 ms, found 3 plugins.
Preloading 0 native plugins for Editor in 0.00 ms.
Unloading 3649 Unused Serialized files (Serialized files now loaded: 0)
Unloading 26 unused Assets / (112.4 KB). Loaded Objects now: 4117.
Memory consumption went from 133.1 MB to 133.0 MB.
Total: 3.354000 ms (FindLiveObjects: 0.281000 ms CreateObjectMapping: 0.237300 ms MarkObjects: 2.734600 ms  DeleteObjects: 0.100100 ms)

AssetImportParameters requested are different than current active one (requested -> active):
  custom:video-decoder-ogg-theora: a1e56fd34408186e4bbccfd4996cb3dc -> 
  custom:container-muxer-webm: aa71ff27fc2769a1b78a27578f13a17b -> 
  custom:container-demuxer-webm: 4f35f7cbe854078d1ac9338744f61a02 -> 
  custom:video-encoder-webm-vp8: eb34c28f22e8b96e1ab97ce403110664 -> 
  custom:video-codec-MediaFoundation-h265: e54d7ab0439102e2317fc1e4b246158d -> 
  custom:audio-encoder-webm-vorbis: bf7c407c2cedff20999df2af8eb42d56 -> 
  custom:framework-win-MediaFoundation: 216162199b28c13a410421893ffa2e32 -> 
  custom:container-demuxer-ogg: 62fdf1f143b41e24485cea50d1cbac27 -> 
  custom:video-decoder-webm-vp8: 9c59270c3fd7afecdb556c50c9e8de78 -> 
  custom:audio-decoder-ogg-vorbis: bf7c407c2cedff20999df2af8eb42d56 -> 
========================================================================
Received Import Request.
  Time since last request: 543787.684874 seconds.
  path: Assets/Epic Toon FX/Prefabs/Interactive/Portals/SimplePortal/SimplePortalGold.prefab
  artifactKey: Guid(11943dcb81a97804fbd4b58ce063f22b) Importer(815301076,1909f56bfc062723c751e8b465ee728b)
Start importing Assets/Epic Toon FX/Prefabs/Interactive/Portals/SimplePortal/SimplePortalGold.prefab using Guid(11943dcb81a97804fbd4b58ce063f22b) Importer(815301076,1909f56bfc062723c751e8b465ee728b)  -> (artifact id: 'c71c0d6188c7dfbe86cc654aaec36382') in 0.134212 seconds 
========================================================================
Received Import Request.
  Time since last request: 42.824242 seconds.
  path: Assets/Epic Toon FX/Prefabs/Interactive/Zone/BasicZone/BasicZoneGreen.prefab
  artifactKey: Guid(087da436576d35542825d392925d79c4) Importer(815301076,1909f56bfc062723c751e8b465ee728b)
Start importing Assets/Epic Toon FX/Prefabs/Interactive/Zone/BasicZone/BasicZoneGreen.prefab using Guid(087da436576d35542825d392925d79c4) Importer(815301076,1909f56bfc062723c751e8b465ee728b)  -> (artifact id: '17c22f7fefb7adc4a4d78814cdb3b6a7') in 0.016168 seconds 
========================================================================
Received Import Request.
  Time since last request: 0.000016 seconds.
  path: Assets/Epic Toon FX/Prefabs/Interactive/Zone/BasicZone/BasicZoneRed.prefab
  artifactKey: Guid(c82022460ac6d274cb9e2aefc6da9dc9) Importer(815301076,1909f56bfc062723c751e8b465ee728b)
Start importing Assets/Epic Toon FX/Prefabs/Interactive/Zone/BasicZone/BasicZoneRed.prefab using Guid(c82022460ac6d274cb9e2aefc6da9dc9) Importer(815301076,1909f56bfc062723c751e8b465ee728b)  -> (artifact id: '23779ed34f35d0c2b12e54a39a513400') in 0.014130 seconds 
========================================================================
Received Import Request.
  Time since last request: 17.162111 seconds.
  path: Assets/Epic Toon FX/Prefabs/Interactive/Warning/WarningExclamation.prefab
  artifactKey: Guid(05541640f4492734a88f2b15963e15d2) Importer(815301076,1909f56bfc062723c751e8b465ee728b)
Start importing Assets/Epic Toon FX/Prefabs/Interactive/Warning/WarningExclamation.prefab using Guid(05541640f4492734a88f2b15963e15d2) Importer(815301076,1909f56bfc062723c751e8b465ee728b)  -> (artifact id: 'ed760f9e7c3ec9f62054274f8faa9c66') in 0.019276 seconds 
========================================================================
Received Import Request.
  Time since last request: 34.828126 seconds.
  path: Assets/Epic Toon FX/Prefabs/Interactive/Sparkle/SparkleArea/SparkleAreaGreen.prefab
  artifactKey: Guid(0e5ef80beee6f234b9b27568218dbaf1) Importer(815301076,1909f56bfc062723c751e8b465ee728b)
Start importing Assets/Epic Toon FX/Prefabs/Interactive/Sparkle/SparkleArea/SparkleAreaGreen.prefab using Guid(0e5ef80beee6f234b9b27568218dbaf1) Importer(815301076,1909f56bfc062723c751e8b465ee728b)  -> (artifact id: '8b0a3de924e0cc8bae6506011e559510') in 0.016783 seconds 
========================================================================
Received Import Request.
  Time since last request: 27.205579 seconds.
  path: Assets/Epic Toon FX/Prefabs/Interactive/Loot/GlowOrb/GlowOrbGreen.prefab
  artifactKey: Guid(87009d6220cf83e4d83a95436b7baadf) Importer(815301076,1909f56bfc062723c751e8b465ee728b)
Start importing Assets/Epic Toon FX/Prefabs/Interactive/Loot/GlowOrb/GlowOrbGreen.prefab using Guid(87009d6220cf83e4d83a95436b7baadf) Importer(815301076,1909f56bfc062723c751e8b465ee728b)  -> (artifact id: '629b3f8b1f972d7f1776806ea296bc18') in 0.017746 seconds 
========================================================================
Received Import Request.
  Time since last request: 15.045471 seconds.
  path: Assets/Epic Toon FX/Prefabs/Interactive/Loot/ItemSparkle/ItemSparkleGreen.prefab
  artifactKey: Guid(0bb1d6b9d39bcbf4785d00557d53e9e3) Importer(815301076,1909f56bfc062723c751e8b465ee728b)
Start importing Assets/Epic Toon FX/Prefabs/Interactive/Loot/ItemSparkle/ItemSparkleGreen.prefab using Guid(0bb1d6b9d39bcbf4785d00557d53e9e3) Importer(815301076,1909f56bfc062723c751e8b465ee728b)  -> (artifact id: '6bc1f69ac7b9dccfd84586edcfefff89') in 0.013961 seconds 
========================================================================
Received Import Request.
  Time since last request: 0.000020 seconds.
  path: Assets/Epic Toon FX/Prefabs/Interactive/Loot/ItemSparkle/ItemSparkleYellow.prefab
  artifactKey: Guid(460ec3e3d006c254b831a1a92d30ed3e) Importer(815301076,1909f56bfc062723c751e8b465ee728b)
Start importing Assets/Epic Toon FX/Prefabs/Interactive/Loot/ItemSparkle/ItemSparkleYellow.prefab using Guid(460ec3e3d006c254b831a1a92d30ed3e) Importer(815301076,1909f56bfc062723c751e8b465ee728b)  -> (artifact id: '288597bae7a16fc277a693145800c701') in 0.015731 seconds 
Editor requested this worker to shutdown with reason: Scaling down because of idle timeout
AssetImportWorker is now disconnected from the server
Process exiting
Exiting without the bug reporter. Application will terminate with return code 0