Using pre-set license
Built from '2021.2/staging' branch; Version is '2021.2.12f1 (48b1aa000234) revision 4764074'; Using compiler version '192829333'; Build Type 'Release'
OS: 'Windows 10  (10.0.19044) 64bit Professional' Language: 'en' Physical Memory: 16303 MB
BatchMode: 1, IsHumanControllingUs: 0, StartBugReporterOnCrash: 0, Is64bit: 1, IsPro: 0

COMMAND LINE ARGUMENTS:
C:\Program Files\Unity\Hub\Editor\2021.2.12f1\Editor\Unity.exe
-adb2
-batchMode
-noUpm
-name
AssetImportWorker6
-projectPath
D:/Confidential/BulletHell-Game/BulletHell Game
-logFile
Logs/AssetImportWorker6.log
-srvPort
14155
Successfully changed project path to: D:/Confidential/BulletHell-Game/BulletHell Game
D:/Confidential/BulletHell-Game/BulletHell Game
[UnityMemory] Configuration Parameters - Can be set up in boot.config
    "memorysetup-bucket-allocator-granularity=16"
    "memorysetup-bucket-allocator-bucket-count=8"
    "memorysetup-bucket-allocator-block-size=33554432"
    "memorysetup-bucket-allocator-block-count=8"
    "memorysetup-main-allocator-block-size=16777216"
    "memorysetup-thread-allocator-block-size=16777216"
    "memorysetup-gfx-main-allocator-block-size=16777216"
    "memorysetup-gfx-thread-allocator-block-size=16777216"
    "memorysetup-cache-allocator-block-size=4194304"
    "memorysetup-typetree-allocator-block-size=2097152"
    "memorysetup-profiler-bucket-allocator-granularity=16"
    "memorysetup-profiler-bucket-allocator-bucket-count=8"
    "memorysetup-profiler-bucket-allocator-block-size=33554432"
    "memorysetup-profiler-bucket-allocator-block-count=8"
    "memorysetup-profiler-allocator-block-size=16777216"
    "memorysetup-profiler-editor-allocator-block-size=1048576"
    "memorysetup-temp-allocator-size-main=16777216"
    "memorysetup-job-temp-allocator-block-size=2097152"
    "memorysetup-job-temp-allocator-block-size-background=1048576"
    "memorysetup-job-temp-allocator-reduction-small-platforms=262144"
    "memorysetup-temp-allocator-size-background-worker=32768"
    "memorysetup-temp-allocator-size-job-worker=262144"
    "memorysetup-temp-allocator-size-preload-manager=33554432"
    "memorysetup-temp-allocator-size-nav-mesh-worker=65536"
    "memorysetup-temp-allocator-size-audio-worker=65536"
    "memorysetup-temp-allocator-size-cloud-worker=32768"
    "memorysetup-temp-allocator-size-gi-baking-worker=262144"
    "memorysetup-temp-allocator-size-gfx=262144"
Refreshing native plugins compatible for Editor in 104.94 ms, found 3 plugins.
Preloading 0 native plugins for Editor in 0.00 ms.
Initialize engine version: 2021.2.12f1 (48b1aa000234)
[Subsystems] Discovering subsystems at path C:/Program Files/Unity/Hub/Editor/2021.2.12f1/Editor/Data/Resources/UnitySubsystems
[Subsystems] Discovering subsystems at path D:/Confidential/BulletHell-Game/BulletHell Game/Assets
GfxDevice: creating device client; threaded=0; jobified=0
Direct3D:
    Version:  Direct3D 11.0 [level 11.1]
    Renderer: NVIDIA GeForce GTX 1650 (ID=0x1f91)
    Vendor:   NVIDIA
    VRAM:     3962 MB
    Driver:   30.0.15.1179
Initialize mono
Mono path[0] = 'C:/Program Files/Unity/Hub/Editor/2021.2.12f1/Editor/Data/Managed'
Mono path[1] = 'C:/Program Files/Unity/Hub/Editor/2021.2.12f1/Editor/Data/MonoBleedingEdge/lib/mono/unityjit-win32'
Mono config path = 'C:/Program Files/Unity/Hub/Editor/2021.2.12f1/Editor/Data/MonoBleedingEdge/etc'
Using monoOptions --debugger-agent=transport=dt_socket,embedding=1,server=y,suspend=n,address=127.0.0.1:56364
Begin MonoManager ReloadAssembly
Registering precompiled unity dll's ...
Register platform support module: C:/Program Files/Unity/Hub/Editor/2021.2.12f1/Editor/Data/PlaybackEngines/WindowsStandaloneSupport/UnityEditor.WindowsStandalone.Extensions.dll
Registered in 0.010058 seconds.
Native extension for WindowsStandalone target not found
Refreshing native plugins compatible for Editor in 108.86 ms, found 3 plugins.
Preloading 0 native plugins for Editor in 0.00 ms.
Mono: successfully reloaded assembly
- Completed reload, in  0.706 seconds
Domain Reload Profiling:
	ReloadAssembly (707ms)
		BeginReloadAssembly (84ms)
			ExecutionOrderSort (0ms)
			DisableScriptedObjects (0ms)
			BackupInstance (0ms)
			ReleaseScriptingObjects (0ms)
			CreateAndSetChildDomain (1ms)
		EndReloadAssembly (499ms)
			LoadAssemblies (81ms)
			RebuildTransferFunctionScriptingTraits (0ms)
			SetupTypeCache (98ms)
			ReleaseScriptCaches (0ms)
			RebuildScriptCaches (32ms)
			SetupLoadedEditorAssemblies (318ms)
				LogAssemblyErrors (0ms)
				InitializePlatformSupportModulesInManaged (9ms)
				SetLoadedEditorAssemblies (0ms)
				RefreshPlugins (109ms)
				BeforeProcessingInitializeOnLoad (1ms)
				ProcessInitializeOnLoadAttributes (151ms)
				ProcessInitializeOnLoadMethodAttributes (47ms)
				AfterProcessingInitializeOnLoad (0ms)
				EditorAssembliesLoaded (0ms)
			ExecutionOrderSort2 (0ms)
			AwakeInstancesAfterBackupRestoration (0ms)
Platform modules already initialized, skipping
Registering precompiled user dll's ...
Registered in 0.006237 seconds.
Begin MonoManager ReloadAssembly
Symbol file LoadedFromMemory doesn't match image D:\Confidential\BulletHell-Game\BulletHell Game\Library\PackageCache\com.unity.visualscripting@1.7.6\Editor\VisualScripting.Core\Dependencies\YamlDotNet\Unity.VisualScripting.YamlDotNet.dll
Symbol file LoadedFromMemory doesn't match image D:\Confidential\BulletHell-Game\BulletHell Game\Library\PackageCache\com.unity.visualscripting@1.7.6\Editor\VisualScripting.Core\Dependencies\DotNetZip\Unity.VisualScripting.IonicZip.dll
Native extension for WindowsStandalone target not found
Refreshing native plugins compatible for Editor in 104.48 ms, found 3 plugins.
Preloading 0 native plugins for Editor in 0.00 ms.
Mono: successfully reloaded assembly
- Completed reload, in  1.263 seconds
Domain Reload Profiling:
	ReloadAssembly (1264ms)
		BeginReloadAssembly (127ms)
			ExecutionOrderSort (0ms)
			DisableScriptedObjects (6ms)
			BackupInstance (0ms)
			ReleaseScriptingObjects (0ms)
			CreateAndSetChildDomain (19ms)
		EndReloadAssembly (1020ms)
			LoadAssemblies (96ms)
			RebuildTransferFunctionScriptingTraits (0ms)
			SetupTypeCache (284ms)
			ReleaseScriptCaches (1ms)
			RebuildScriptCaches (56ms)
			SetupLoadedEditorAssemblies (543ms)
				LogAssemblyErrors (0ms)
				InitializePlatformSupportModulesInManaged (6ms)
				SetLoadedEditorAssemblies (0ms)
				RefreshPlugins (105ms)
				BeforeProcessingInitializeOnLoad (92ms)
				ProcessInitializeOnLoadAttributes (308ms)
				ProcessInitializeOnLoadMethodAttributes (20ms)
				AfterProcessingInitializeOnLoad (11ms)
				EditorAssembliesLoaded (0ms)
			ExecutionOrderSort2 (0ms)
			AwakeInstancesAfterBackupRestoration (7ms)
Platform modules already initialized, skipping
========================================================================
Worker process is ready to serve import requests
Launched and connected shader compiler UnityShaderCompiler.exe after 0.05 seconds
Refreshing native plugins compatible for Editor in 0.76 ms, found 3 plugins.
Preloading 0 native plugins for Editor in 0.00 ms.
Unloading 3649 Unused Serialized files (Serialized files now loaded: 0)
Unloading 26 unused Assets / (112.5 KB). Loaded Objects now: 4115.
Memory consumption went from 132.8 MB to 132.7 MB.
Total: 3.545700 ms (FindLiveObjects: 0.286800 ms CreateObjectMapping: 0.182200 ms MarkObjects: 2.912500 ms  DeleteObjects: 0.163300 ms)

AssetImportParameters requested are different than current active one (requested -> active):
  custom:video-decoder-ogg-theora: a1e56fd34408186e4bbccfd4996cb3dc -> 
  custom:container-muxer-webm: aa71ff27fc2769a1b78a27578f13a17b -> 
  custom:container-demuxer-webm: 4f35f7cbe854078d1ac9338744f61a02 -> 
  custom:video-encoder-webm-vp8: eb34c28f22e8b96e1ab97ce403110664 -> 
  custom:video-codec-MediaFoundation-h265: e54d7ab0439102e2317fc1e4b246158d -> 
  custom:audio-encoder-webm-vorbis: bf7c407c2cedff20999df2af8eb42d56 -> 
  custom:framework-win-MediaFoundation: 216162199b28c13a410421893ffa2e32 -> 
  custom:container-demuxer-ogg: 62fdf1f143b41e24485cea50d1cbac27 -> 
  custom:video-decoder-webm-vp8: 9c59270c3fd7afecdb556c50c9e8de78 -> 
  custom:audio-decoder-ogg-vorbis: bf7c407c2cedff20999df2af8eb42d56 -> 
========================================================================
Received Import Request.
  Time since last request: 541422.047749 seconds.
  path: Assets/Epic Toon FX/Materials/Misc/Stars/star_outline_AB.mat
  artifactKey: Guid(05e20be0d592a0e41a5fe0dbb7440642) Importer(815301076,1909f56bfc062723c751e8b465ee728b)
Start importing Assets/Epic Toon FX/Materials/Misc/Stars/star_outline_AB.mat using Guid(05e20be0d592a0e41a5fe0dbb7440642) Importer(815301076,1909f56bfc062723c751e8b465ee728b)  -> (artifact id: '2f9b119ee902cd1f1786673e72eea661') in 0.161852 seconds 
========================================================================
Received Import Request.
  Time since last request: 1.799864 seconds.
  path: Assets/Epic Toon FX/Materials/Misc/Text/txt_ka-pow.mat
  artifactKey: Guid(91ab7412ab6cce74eaf8cc56ded7300a) Importer(815301076,1909f56bfc062723c751e8b465ee728b)
Start importing Assets/Epic Toon FX/Materials/Misc/Text/txt_ka-pow.mat using Guid(91ab7412ab6cce74eaf8cc56ded7300a) Importer(815301076,1909f56bfc062723c751e8b465ee728b)  -> (artifact id: '023b79b46a4cc5eee4775b19aeff5236') in 0.013535 seconds 
========================================================================
Received Import Request.
  Time since last request: 0.000016 seconds.
  path: Assets/Epic Toon FX/Materials/Misc/Text/txt_poof.mat
  artifactKey: Guid(240d570cc00d6154bb0b57b4525ccb96) Importer(815301076,1909f56bfc062723c751e8b465ee728b)
Start importing Assets/Epic Toon FX/Materials/Misc/Text/txt_poof.mat using Guid(240d570cc00d6154bb0b57b4525ccb96) Importer(815301076,1909f56bfc062723c751e8b465ee728b)  -> (artifact id: '8e4ac5f4112f7e1bed5e1d336236e3d4') in 0.014434 seconds 
========================================================================
Received Import Request.
  Time since last request: 0.000017 seconds.
  path: Assets/Epic Toon FX/Materials/Misc/Text/txt_ko.mat
  artifactKey: Guid(aa7ca8a4740e173469013f417f05d44d) Importer(815301076,1909f56bfc062723c751e8b465ee728b)
Start importing Assets/Epic Toon FX/Materials/Misc/Text/txt_ko.mat using Guid(aa7ca8a4740e173469013f417f05d44d) Importer(815301076,1909f56bfc062723c751e8b465ee728b)  -> (artifact id: 'c79ceee93bd6ab44c69b8832591cdade') in 0.013027 seconds 
========================================================================
Received Import Request.
  Time since last request: 2.823253 seconds.
  path: Assets/Epic Toon FX/Materials/Misc/Text/txt_smack.mat
  artifactKey: Guid(a03694b155628b44e94d75e444aa7341) Importer(815301076,1909f56bfc062723c751e8b465ee728b)
Start importing Assets/Epic Toon FX/Materials/Misc/Text/txt_smack.mat using Guid(a03694b155628b44e94d75e444aa7341) Importer(815301076,1909f56bfc062723c751e8b465ee728b)  -> (artifact id: '787e78f18466106fd44372a918ec4d73') in 0.013455 seconds 
========================================================================
Received Import Request.
  Time since last request: 0.000016 seconds.
  path: Assets/Epic Toon FX/Materials/Misc/Text/txt_sparkle.mat
  artifactKey: Guid(ab17cac34ca2f1645aa75b5e2cd57d79) Importer(815301076,1909f56bfc062723c751e8b465ee728b)
Start importing Assets/Epic Toon FX/Materials/Misc/Text/txt_sparkle.mat using Guid(ab17cac34ca2f1645aa75b5e2cd57d79) Importer(815301076,1909f56bfc062723c751e8b465ee728b)  -> (artifact id: '3b5a528fa243061e991f1013ea5a6d63') in 0.013808 seconds 
========================================================================
Received Import Request.
  Time since last request: 0.000019 seconds.
  path: Assets/Epic Toon FX/Materials/Misc/Text/txt_splash.mat
  artifactKey: Guid(84a85bf9e3b10544ea4ef02ddc843d52) Importer(815301076,1909f56bfc062723c751e8b465ee728b)
Start importing Assets/Epic Toon FX/Materials/Misc/Text/txt_splash.mat using Guid(84a85bf9e3b10544ea4ef02ddc843d52) Importer(815301076,1909f56bfc062723c751e8b465ee728b)  -> (artifact id: '70c5a8b88c362770957c5e98950d15d2') in 0.012621 seconds 
========================================================================
Received Import Request.
  Time since last request: 0.024711 seconds.
  path: Assets/Epic Toon FX/Models/Materials/verticalglow02.mat
  artifactKey: Guid(4d88f57e14fff234aa6eacafa1ffdf3a) Importer(815301076,1909f56bfc062723c751e8b465ee728b)
Start importing Assets/Epic Toon FX/Models/Materials/verticalglow02.mat using Guid(4d88f57e14fff234aa6eacafa1ffdf3a) Importer(815301076,1909f56bfc062723c751e8b465ee728b)  -> (artifact id: '0548187d8d1e10a1fc415b4b03fd87e2') in 0.017309 seconds 
========================================================================
Received Import Request.
  Time since last request: 0.000023 seconds.
  path: Assets/Epic Toon FX/Materials/Misc/Warnings/warn_explosive_AB.mat
  artifactKey: Guid(c7de2145d2daec74cac43b191ee33134) Importer(815301076,1909f56bfc062723c751e8b465ee728b)
Start importing Assets/Epic Toon FX/Materials/Misc/Warnings/warn_explosive_AB.mat using Guid(c7de2145d2daec74cac43b191ee33134) Importer(815301076,1909f56bfc062723c751e8b465ee728b)  -> (artifact id: '43365218b9eb2d27ca54ea2361b54a84') in 0.011120 seconds 
========================================================================
Received Import Request.
  Time since last request: 0.000022 seconds.
  path: Assets/Epic Toon FX/Materials/Misc/Liquid/water_3x3_AB.mat
  artifactKey: Guid(c6cbb19e233e2824dabaac63818dc63b) Importer(815301076,1909f56bfc062723c751e8b465ee728b)
Start importing Assets/Epic Toon FX/Materials/Misc/Liquid/water_3x3_AB.mat using Guid(c6cbb19e233e2824dabaac63818dc63b) Importer(815301076,1909f56bfc062723c751e8b465ee728b)  -> (artifact id: '76363347b9033f4c4c83e34a47b1665f') in 0.014012 seconds 
========================================================================
Received Import Request.
  Time since last request: 0.291430 seconds.
  path: Assets/Epic Toon FX/Materials/Basics/wave3_ADD.mat
  artifactKey: Guid(7d02299296a2a9843981fe2199b208f1) Importer(815301076,1909f56bfc062723c751e8b465ee728b)
Start importing Assets/Epic Toon FX/Materials/Basics/wave3_ADD.mat using Guid(7d02299296a2a9843981fe2199b208f1) Importer(815301076,1909f56bfc062723c751e8b465ee728b)  -> (artifact id: '27b64dc2f848350108281de446ea67d4') in 0.012125 seconds 
========================================================================
Received Import Request.
  Time since last request: 0.000015 seconds.
  path: Assets/Epic Toon FX/Materials/Misc/Unsorted/wave_soft_AB.mat
  artifactKey: Guid(95125be5b97ce6c42bad282b13127fdb) Importer(815301076,1909f56bfc062723c751e8b465ee728b)
Start importing Assets/Epic Toon FX/Materials/Misc/Unsorted/wave_soft_AB.mat using Guid(95125be5b97ce6c42bad282b13127fdb) Importer(815301076,1909f56bfc062723c751e8b465ee728b)  -> (artifact id: '144b28e822c912cd2284bcd37a7db555') in 0.008085 seconds 
========================================================================
Received Import Request.
  Time since last request: 236.346565 seconds.
  path: Assets/Epic Toon FX/Demo/Textures/Skybox/4.png
  artifactKey: Guid(520b919af3afcc643b5d707d95558218) Importer(815301076,1909f56bfc062723c751e8b465ee728b)
Start importing Assets/Epic Toon FX/Demo/Textures/Skybox/4.png using Guid(520b919af3afcc643b5d707d95558218) Importer(815301076,1909f56bfc062723c751e8b465ee728b)  -> (artifact id: '8402e298a1ef374d4d4457a22c5f5b9d') in 0.033370 seconds 
========================================================================
Received Import Request.
  Time since last request: 0.000026 seconds.
  path: Assets/Epic Toon FX/Demo/Textures/Skybox/3.png
  artifactKey: Guid(de1b95d3444c8b145ba0dc400c9860b8) Importer(815301076,1909f56bfc062723c751e8b465ee728b)
Start importing Assets/Epic Toon FX/Demo/Textures/Skybox/3.png using Guid(de1b95d3444c8b145ba0dc400c9860b8) Importer(815301076,1909f56bfc062723c751e8b465ee728b)  -> (artifact id: '1dce1e1596029599c20f9d4dde7890b5') in 0.010552 seconds 
========================================================================
Received Import Request.
  Time since last request: 0.000022 seconds.
  path: Assets/Epic Toon FX/Demo/Textures/Skybox/1.png
  artifactKey: Guid(b9d479250e7ac0547a32dc79c6ced1de) Importer(815301076,1909f56bfc062723c751e8b465ee728b)
Start importing Assets/Epic Toon FX/Demo/Textures/Skybox/1.png using Guid(b9d479250e7ac0547a32dc79c6ced1de) Importer(815301076,1909f56bfc062723c751e8b465ee728b)  -> (artifact id: 'd540ba864a47c37867891f894c43215d') in 0.010897 seconds 
========================================================================
Received Import Request.
  Time since last request: 44.349694 seconds.
  path: Assets/Epic Toon FX/Materials/Basics/ring_nofade_ADD.mat
  artifactKey: Guid(9eb479f5a4882b2448c5740a38a0cdc0) Importer(815301076,1909f56bfc062723c751e8b465ee728b)
Start importing Assets/Epic Toon FX/Materials/Basics/ring_nofade_ADD.mat using Guid(9eb479f5a4882b2448c5740a38a0cdc0) Importer(815301076,1909f56bfc062723c751e8b465ee728b)  -> (artifact id: 'fed58a029e87fcb244f2a6ea89d11bf0') in 0.013164 seconds 
========================================================================
Received Prepare
Registering precompiled user dll's ...
Registered in 0.005686 seconds.
Begin MonoManager ReloadAssembly
Symbol file LoadedFromMemory doesn't match image D:\Confidential\BulletHell-Game\BulletHell Game\Library\PackageCache\com.unity.visualscripting@1.7.6\Editor\VisualScripting.Core\Dependencies\YamlDotNet\Unity.VisualScripting.YamlDotNet.dll
Symbol file LoadedFromMemory doesn't match image D:\Confidential\BulletHell-Game\BulletHell Game\Library\PackageCache\com.unity.visualscripting@1.7.6\Editor\VisualScripting.Core\Dependencies\DotNetZip\Unity.VisualScripting.IonicZip.dll
Native extension for WindowsStandalone target not found
Refreshing native plugins compatible for Editor in 0.96 ms, found 3 plugins.
Preloading 0 native plugins for Editor in 0.00 ms.
Mono: successfully reloaded assembly
- Completed reload, in  1.339 seconds
Domain Reload Profiling:
	ReloadAssembly (1339ms)
		BeginReloadAssembly (160ms)
			ExecutionOrderSort (0ms)
			DisableScriptedObjects (5ms)
			BackupInstance (0ms)
			ReleaseScriptingObjects (0ms)
			CreateAndSetChildDomain (42ms)
		EndReloadAssembly (1069ms)
			LoadAssemblies (109ms)
			RebuildTransferFunctionScriptingTraits (0ms)
			SetupTypeCache (354ms)
			ReleaseScriptCaches (1ms)
			RebuildScriptCaches (56ms)
			SetupLoadedEditorAssemblies (487ms)
				LogAssemblyErrors (0ms)
				InitializePlatformSupportModulesInManaged (18ms)
				SetLoadedEditorAssemblies (1ms)
				RefreshPlugins (1ms)
				BeforeProcessingInitializeOnLoad (95ms)
				ProcessInitializeOnLoadAttributes (325ms)
				ProcessInitializeOnLoadMethodAttributes (32ms)
				AfterProcessingInitializeOnLoad (15ms)
				EditorAssembliesLoaded (0ms)
			ExecutionOrderSort2 (0ms)
			AwakeInstancesAfterBackupRestoration (10ms)
Platform modules already initialized, skipping
Refreshing native plugins compatible for Editor in 3.41 ms, found 3 plugins.
Preloading 0 native plugins for Editor in 0.00 ms.
Unloading 3630 Unused Serialized files (Serialized files now loaded: 0)
Unloading 17 unused Assets / (79.3 KB). Loaded Objects now: 4157.
Memory consumption went from 135.9 MB to 135.8 MB.
Total: 4.153000 ms (FindLiveObjects: 0.331200 ms CreateObjectMapping: 0.234100 ms MarkObjects: 3.505200 ms  DeleteObjects: 0.081500 ms)

AssetImportParameters requested are different than current active one (requested -> active):
  custom:video-decoder-ogg-theora: a1e56fd34408186e4bbccfd4996cb3dc -> 
  custom:container-muxer-webm: aa71ff27fc2769a1b78a27578f13a17b -> 
  custom:container-demuxer-webm: 4f35f7cbe854078d1ac9338744f61a02 -> 
  custom:video-encoder-webm-vp8: eb34c28f22e8b96e1ab97ce403110664 -> 
  custom:video-codec-MediaFoundation-h265: e54d7ab0439102e2317fc1e4b246158d -> 
  custom:audio-encoder-webm-vorbis: bf7c407c2cedff20999df2af8eb42d56 -> 
  custom:framework-win-MediaFoundation: 216162199b28c13a410421893ffa2e32 -> 
  custom:container-demuxer-ogg: 62fdf1f143b41e24485cea50d1cbac27 -> 
  custom:video-decoder-webm-vp8: 9c59270c3fd7afecdb556c50c9e8de78 -> 
  custom:audio-decoder-ogg-vorbis: bf7c407c2cedff20999df2af8eb42d56 -> 
========================================================================
Received Prepare
Registering precompiled user dll's ...
Registered in 0.010127 seconds.
Begin MonoManager ReloadAssembly
Symbol file LoadedFromMemory doesn't match image D:\Confidential\BulletHell-Game\BulletHell Game\Library\PackageCache\com.unity.visualscripting@1.7.6\Editor\VisualScripting.Core\Dependencies\YamlDotNet\Unity.VisualScripting.YamlDotNet.dll
Symbol file LoadedFromMemory doesn't match image D:\Confidential\BulletHell-Game\BulletHell Game\Library\PackageCache\com.unity.visualscripting@1.7.6\Editor\VisualScripting.Core\Dependencies\DotNetZip\Unity.VisualScripting.IonicZip.dll
Native extension for WindowsStandalone target not found
Refreshing native plugins compatible for Editor in 1.37 ms, found 3 plugins.
Preloading 0 native plugins for Editor in 0.00 ms.
Mono: successfully reloaded assembly
- Completed reload, in  1.447 seconds
Domain Reload Profiling:
	ReloadAssembly (1448ms)
		BeginReloadAssembly (174ms)
			ExecutionOrderSort (0ms)
			DisableScriptedObjects (7ms)
			BackupInstance (0ms)
			ReleaseScriptingObjects (0ms)
			CreateAndSetChildDomain (42ms)
		EndReloadAssembly (1116ms)
			LoadAssemblies (118ms)
			RebuildTransferFunctionScriptingTraits (0ms)
			SetupTypeCache (325ms)
			ReleaseScriptCaches (2ms)
			RebuildScriptCaches (54ms)
			SetupLoadedEditorAssemblies (550ms)
				LogAssemblyErrors (0ms)
				InitializePlatformSupportModulesInManaged (20ms)
				SetLoadedEditorAssemblies (1ms)
				RefreshPlugins (1ms)
				BeforeProcessingInitializeOnLoad (93ms)
				ProcessInitializeOnLoadAttributes (384ms)
				ProcessInitializeOnLoadMethodAttributes (34ms)
				AfterProcessingInitializeOnLoad (17ms)
				EditorAssembliesLoaded (0ms)
			ExecutionOrderSort2 (0ms)
			AwakeInstancesAfterBackupRestoration (11ms)
Platform modules already initialized, skipping
Refreshing native plugins compatible for Editor in 2.64 ms, found 3 plugins.
Preloading 0 native plugins for Editor in 0.00 ms.
Unloading 3630 Unused Serialized files (Serialized files now loaded: 0)
Unloading 17 unused Assets / (79.4 KB). Loaded Objects now: 4159.
Memory consumption went from 135.9 MB to 135.8 MB.
Total: 3.816300 ms (FindLiveObjects: 0.272700 ms CreateObjectMapping: 0.168700 ms MarkObjects: 3.291200 ms  DeleteObjects: 0.082300 ms)

AssetImportParameters requested are different than current active one (requested -> active):
  custom:video-decoder-ogg-theora: a1e56fd34408186e4bbccfd4996cb3dc -> 
  custom:container-muxer-webm: aa71ff27fc2769a1b78a27578f13a17b -> 
  custom:container-demuxer-webm: 4f35f7cbe854078d1ac9338744f61a02 -> 
  custom:video-encoder-webm-vp8: eb34c28f22e8b96e1ab97ce403110664 -> 
  custom:video-codec-MediaFoundation-h265: e54d7ab0439102e2317fc1e4b246158d -> 
  custom:audio-encoder-webm-vorbis: bf7c407c2cedff20999df2af8eb42d56 -> 
  custom:framework-win-MediaFoundation: 216162199b28c13a410421893ffa2e32 -> 
  custom:container-demuxer-ogg: 62fdf1f143b41e24485cea50d1cbac27 -> 
  custom:video-decoder-webm-vp8: 9c59270c3fd7afecdb556c50c9e8de78 -> 
  custom:audio-decoder-ogg-vorbis: bf7c407c2cedff20999df2af8eb42d56 -> 
========================================================================
Received Import Request.
  Time since last request: 123.975678 seconds.
  path: Assets/Epic Toon FX/Prefabs/Combat/Explosions/RoundExplosion/ExplosionRoundBlue.prefab
  artifactKey: Guid(4dbaeaca9d7e967419f27723f2718287) Importer(815301076,1909f56bfc062723c751e8b465ee728b)
Start importing Assets/Epic Toon FX/Prefabs/Combat/Explosions/RoundExplosion/ExplosionRoundBlue.prefab using Guid(4dbaeaca9d7e967419f27723f2718287) Importer(815301076,1909f56bfc062723c751e8b465ee728b)  -> (artifact id: '93ba263df4d4813d880982afc044c226') in 0.086482 seconds 
========================================================================
Received Import Request.
  Time since last request: 0.000027 seconds.
  path: Assets/Epic Toon FX/Prefabs/Combat/Missiles/FireballSharp/FireballSharpMissileFire.prefab
  artifactKey: Guid(d2e12f11e1f9a8f41a018e2f56fd9589) Importer(815301076,1909f56bfc062723c751e8b465ee728b)
Start importing Assets/Epic Toon FX/Prefabs/Combat/Missiles/FireballSharp/FireballSharpMissileFire.prefab using Guid(d2e12f11e1f9a8f41a018e2f56fd9589) Importer(815301076,1909f56bfc062723c751e8b465ee728b)  -> (artifact id: '43e2ecbe4d72633676498af514e502ee') in 0.032548 seconds 
========================================================================
Received Import Request.
  Time since last request: 0.000051 seconds.
  path: Assets/Epic Toon FX/Demo/Missile Prefabs/FireballSoft/FireBallSoftFireOBJ.prefab
  artifactKey: Guid(d3b1238342df9484d9f7498aca9417dd) Importer(815301076,1909f56bfc062723c751e8b465ee728b)
Start importing Assets/Epic Toon FX/Demo/Missile Prefabs/FireballSoft/FireBallSoftFireOBJ.prefab using Guid(d3b1238342df9484d9f7498aca9417dd) Importer(815301076,1909f56bfc062723c751e8b465ee728b)  -> (artifact id: 'ae23f6de06b3f1a06d72827ba922ad8e') in 0.009062 seconds 
========================================================================
Received Import Request.
  Time since last request: 0.000019 seconds.
  path: Assets/Epic Toon FX/Demo/Missile Prefabs/Fireball/FireBallPinkOBJ.prefab
  artifactKey: Guid(b7390e77fe23c4a40b1910f57e152a7b) Importer(815301076,1909f56bfc062723c751e8b465ee728b)
Start importing Assets/Epic Toon FX/Demo/Missile Prefabs/Fireball/FireBallPinkOBJ.prefab using Guid(b7390e77fe23c4a40b1910f57e152a7b) Importer(815301076,1909f56bfc062723c751e8b465ee728b)  -> (artifact id: 'abd0d8631967d6a46aabc0676289f9cc') in 0.008535 seconds 
========================================================================
Received Import Request.
  Time since last request: 0.000025 seconds.
  path: Assets/Epic Toon FX/Demo/Missile Prefabs/FireballSharp/FireBallSharpBlueOBJ.prefab
  artifactKey: Guid(8e5aac2dbd493914a9ff1c1c3f217015) Importer(815301076,1909f56bfc062723c751e8b465ee728b)
Start importing Assets/Epic Toon FX/Demo/Missile Prefabs/FireballSharp/FireBallSharpBlueOBJ.prefab using Guid(8e5aac2dbd493914a9ff1c1c3f217015) Importer(815301076,1909f56bfc062723c751e8b465ee728b)  -> (artifact id: 'cfe5dd59454c0ff627ee9befd804f206') in 0.010182 seconds 
========================================================================
Received Import Request.
  Time since last request: 0.000026 seconds.
  path: Assets/Epic Toon FX/Demo/Missile Prefabs/FireballSoft/FireBallSoftBlueOBJ.prefab
  artifactKey: Guid(a5703bc37d83eb04a9890d7501a6a3eb) Importer(815301076,1909f56bfc062723c751e8b465ee728b)
Start importing Assets/Epic Toon FX/Demo/Missile Prefabs/FireballSoft/FireBallSoftBlueOBJ.prefab using Guid(a5703bc37d83eb04a9890d7501a6a3eb) Importer(815301076,1909f56bfc062723c751e8b465ee728b)  -> (artifact id: 'ed1d040cbd3442932b98ffd905abc0a7') in 0.009661 seconds 
========================================================================
Received Import Request.
  Time since last request: 0.000020 seconds.
  path: Assets/Epic Toon FX/Prefabs/Combat/Missiles/FireballSoft/FireballSoftMissilePink.prefab
  artifactKey: Guid(295390d54f54d694798ac311d41342a7) Importer(815301076,1909f56bfc062723c751e8b465ee728b)
Start importing Assets/Epic Toon FX/Prefabs/Combat/Missiles/FireballSoft/FireballSoftMissilePink.prefab using Guid(295390d54f54d694798ac311d41342a7) Importer(815301076,1909f56bfc062723c751e8b465ee728b)  -> (artifact id: 'd13b01b166706f29ebef50ea87c09ab5') in 0.022314 seconds 
========================================================================
Received Import Request.
  Time since last request: 0.000018 seconds.
  path: Assets/Epic Toon FX/Prefabs/Interactive/Feathers/FeatherShower.prefab
  artifactKey: Guid(98ec747359c6152458125171ceade621) Importer(815301076,1909f56bfc062723c751e8b465ee728b)
Start importing Assets/Epic Toon FX/Prefabs/Interactive/Feathers/FeatherShower.prefab using Guid(98ec747359c6152458125171ceade621) Importer(815301076,1909f56bfc062723c751e8b465ee728b)  -> (artifact id: '33b68a4180cbae27d176cd392cd5b152') in 0.015928 seconds 
========================================================================
Received Import Request.
  Time since last request: 0.000029 seconds.
  path: Assets/Epic Toon FX/Prefabs/Combat/Missiles/Fireball/FireballMissilePink.prefab
  artifactKey: Guid(672a9f8d9b8441b47a4cc0a5c3d60b7c) Importer(815301076,1909f56bfc062723c751e8b465ee728b)
Start importing Assets/Epic Toon FX/Prefabs/Combat/Missiles/Fireball/FireballMissilePink.prefab using Guid(672a9f8d9b8441b47a4cc0a5c3d60b7c) Importer(815301076,1909f56bfc062723c751e8b465ee728b)  -> (artifact id: 'a7e61c8c8cbeb9543f29638f2f9eff2a') in 0.018603 seconds 
========================================================================
Received Import Request.
  Time since last request: 0.000022 seconds.
  path: Assets/Epic Toon FX/Demo/Missile Prefabs/Fireball/FireBallBlueOBJ.prefab
  artifactKey: Guid(6b683a168b8b6614d95f9030dd0392f8) Importer(815301076,1909f56bfc062723c751e8b465ee728b)
Start importing Assets/Epic Toon FX/Demo/Missile Prefabs/Fireball/FireBallBlueOBJ.prefab using Guid(6b683a168b8b6614d95f9030dd0392f8) Importer(815301076,1909f56bfc062723c751e8b465ee728b)  -> (artifact id: '3d55445be883a74bc00c41a862bff334') in 0.009480 seconds 
========================================================================
Received Import Request.
  Time since last request: 0.000022 seconds.
  path: Assets/Epic Toon FX/Prefabs/Environment/Fire/Cartoon/Field Intense/FireFieldIntenseGreen.prefab
  artifactKey: Guid(7a3d4c2c137371d4ebbf4937b7dc9783) Importer(815301076,1909f56bfc062723c751e8b465ee728b)
Start importing Assets/Epic Toon FX/Prefabs/Environment/Fire/Cartoon/Field Intense/FireFieldIntenseGreen.prefab using Guid(7a3d4c2c137371d4ebbf4937b7dc9783) Importer(815301076,1909f56bfc062723c751e8b465ee728b)  -> (artifact id: '079f0bcc2dcbbbe68899d9ef262410de') in 0.018477 seconds 
========================================================================
Received Import Request.
  Time since last request: 0.000018 seconds.
  path: Assets/Epic Toon FX/Prefabs/Combat/Missiles/FireballSoft/FireballSoftMissileBlue.prefab
  artifactKey: Guid(6e82bfe3eb90bbc468d6b3be50ddcb56) Importer(815301076,1909f56bfc062723c751e8b465ee728b)
Start importing Assets/Epic Toon FX/Prefabs/Combat/Missiles/FireballSoft/FireballSoftMissileBlue.prefab using Guid(6e82bfe3eb90bbc468d6b3be50ddcb56) Importer(815301076,1909f56bfc062723c751e8b465ee728b)  -> (artifact id: 'bf2ed743266a2aa81bde3fd78e5b6c79') in 0.021019 seconds 
========================================================================
Received Import Request.
  Time since last request: 0.000028 seconds.
  path: Assets/Epic Toon FX/Prefabs/Combat/Missiles/Fireball/FireballMissileGreen.prefab
  artifactKey: Guid(2600ac3c92a32344aac7a38b64dc2f5c) Importer(815301076,1909f56bfc062723c751e8b465ee728b)
Start importing Assets/Epic Toon FX/Prefabs/Combat/Missiles/Fireball/FireballMissileGreen.prefab using Guid(2600ac3c92a32344aac7a38b64dc2f5c) Importer(815301076,1909f56bfc062723c751e8b465ee728b)  -> (artifact id: '83d39e8ec1aaf079d17c4dd23d6b3759') in 0.023447 seconds 
========================================================================
Received Import Request.
  Time since last request: 0.000028 seconds.
  path: Assets/Epic Toon FX/Demo/Missile Prefabs/Fireball/FireBallGreenOBJ.prefab
  artifactKey: Guid(4d08b1ddf88c65a4facd913e932ec5f8) Importer(815301076,1909f56bfc062723c751e8b465ee728b)
Start importing Assets/Epic Toon FX/Demo/Missile Prefabs/Fireball/FireBallGreenOBJ.prefab using Guid(4d08b1ddf88c65a4facd913e932ec5f8) Importer(815301076,1909f56bfc062723c751e8b465ee728b)  -> (artifact id: '56ea926d65f6e62ba16886cc5e868eed') in 0.011203 seconds 
========================================================================
Received Import Request.
  Time since last request: 0.000019 seconds.
  path: Assets/Epic Toon FX/Demo/Missile Prefabs/FireballSharp/FireBallSharpPinkOBJ.prefab
  artifactKey: Guid(7ff39a74255733e41a212096b711425e) Importer(815301076,1909f56bfc062723c751e8b465ee728b)
Start importing Assets/Epic Toon FX/Demo/Missile Prefabs/FireballSharp/FireBallSharpPinkOBJ.prefab using Guid(7ff39a74255733e41a212096b711425e) Importer(815301076,1909f56bfc062723c751e8b465ee728b)  -> (artifact id: 'a71a072ee07898d5764253fa91e846b7') in 0.009793 seconds 
========================================================================
Received Import Request.
  Time since last request: 0.000025 seconds.
  path: Assets/Epic Toon FX/Demo/Missile Prefabs/FireballSharp/FireBallSharpFireOBJ.prefab
  artifactKey: Guid(0fe27cfd7508f574da1d47fb6b5032e2) Importer(815301076,1909f56bfc062723c751e8b465ee728b)
Start importing Assets/Epic Toon FX/Demo/Missile Prefabs/FireballSharp/FireBallSharpFireOBJ.prefab using Guid(0fe27cfd7508f574da1d47fb6b5032e2) Importer(815301076,1909f56bfc062723c751e8b465ee728b)  -> (artifact id: '2c3b7e7cee309211ece8dc434ff8adf1') in 0.009121 seconds 
========================================================================
Received Import Request.
  Time since last request: 0.000022 seconds.
  path: Assets/Epic Toon FX/Prefabs/Environment/Fire/Cartoon/Field/FireFieldBlue.prefab
  artifactKey: Guid(631b37740fa203746b7ab3fa99c96d2f) Importer(815301076,1909f56bfc062723c751e8b465ee728b)
Start importing Assets/Epic Toon FX/Prefabs/Environment/Fire/Cartoon/Field/FireFieldBlue.prefab using Guid(631b37740fa203746b7ab3fa99c96d2f) Importer(815301076,1909f56bfc062723c751e8b465ee728b)  -> (artifact id: '3952c0fcf3e479b1cd0c26afd208289e') in 0.019119 seconds 
========================================================================
Received Import Request.
  Time since last request: 0.000022 seconds.
  path: Assets/Epic Toon FX/Prefabs/Combat/Missiles/FireballSoft/FireballSoftMissileGreen.prefab
  artifactKey: Guid(b3b1bbb7044543c4c9355bbe7b065911) Importer(815301076,1909f56bfc062723c751e8b465ee728b)
Start importing Assets/Epic Toon FX/Prefabs/Combat/Missiles/FireballSoft/FireballSoftMissileGreen.prefab using Guid(b3b1bbb7044543c4c9355bbe7b065911) Importer(815301076,1909f56bfc062723c751e8b465ee728b)  -> (artifact id: 'a8dfa7f5776599c0da49b6890076e8f8') in 0.017571 seconds 
========================================================================
Received Import Request.
  Time since last request: 0.000021 seconds.
  path: Assets/Epic Toon FX/Demo/Missile Prefabs/FireballSoft/FireBallSoftGreenOBJ.prefab
  artifactKey: Guid(fa1a1aed5fa6b6246be57e25900404a4) Importer(815301076,1909f56bfc062723c751e8b465ee728b)
Start importing Assets/Epic Toon FX/Demo/Missile Prefabs/FireballSoft/FireBallSoftGreenOBJ.prefab using Guid(fa1a1aed5fa6b6246be57e25900404a4) Importer(815301076,1909f56bfc062723c751e8b465ee728b)  -> (artifact id: '16c71d3fa4cd2fa81778f3643e849f17') in 0.009724 seconds 
========================================================================
Received Import Request.
  Time since last request: 0.000022 seconds.
  path: Assets/Epic Toon FX/Prefabs/Environment/Fire/Cartoon/Field/FireFieldGreen.prefab
  artifactKey: Guid(671f0a670c0eb1d4f986e7f510dd86d0) Importer(815301076,1909f56bfc062723c751e8b465ee728b)
Start importing Assets/Epic Toon FX/Prefabs/Environment/Fire/Cartoon/Field/FireFieldGreen.prefab using Guid(671f0a670c0eb1d4f986e7f510dd86d0) Importer(815301076,1909f56bfc062723c751e8b465ee728b)  -> (artifact id: '3fd6dc5d36272fcead1cacb7e459fa24') in 0.029650 seconds 
========================================================================
Received Import Request.
  Time since last request: 55.287385 seconds.
  path: Assets/Epic Toon FX/Prefabs/Combat/Brawling/RoundHit/RoundHitRed.prefab
  artifactKey: Guid(3547e5e490f502041ae6e8a59042e4bd) Importer(815301076,1909f56bfc062723c751e8b465ee728b)
Start importing Assets/Epic Toon FX/Prefabs/Combat/Brawling/RoundHit/RoundHitRed.prefab using Guid(3547e5e490f502041ae6e8a59042e4bd) Importer(815301076,1909f56bfc062723c751e8b465ee728b)  -> (artifact id: 'ef34e72733ff741f1d5597dae608a069') in 0.012265 seconds 
========================================================================
Received Import Request.
  Time since last request: 24.526860 seconds.
  path: Assets/Epic Toon FX/Prefabs/Combat/Explosions (Misc)/FlashExplosionRadial.prefab
  artifactKey: Guid(0e1c7fb597c927a41893518fb7dc7472) Importer(815301076,1909f56bfc062723c751e8b465ee728b)
Start importing Assets/Epic Toon FX/Prefabs/Combat/Explosions (Misc)/FlashExplosionRadial.prefab using Guid(0e1c7fb597c927a41893518fb7dc7472) Importer(815301076,1909f56bfc062723c751e8b465ee728b)  -> (artifact id: '5a67e6e012ee7a6d7da918518829c215') in 0.025479 seconds 
========================================================================
Received Import Request.
  Time since last request: 0.000028 seconds.
  path: Assets/Epic Toon FX/Prefabs/Combat/Explosions (Misc)/TargetHitExplosion.prefab
  artifactKey: Guid(cc0bdc9defd87ef4fba2c3954f1bb0d1) Importer(815301076,1909f56bfc062723c751e8b465ee728b)
Start importing Assets/Epic Toon FX/Prefabs/Combat/Explosions (Misc)/TargetHitExplosion.prefab using Guid(cc0bdc9defd87ef4fba2c3954f1bb0d1) Importer(815301076,1909f56bfc062723c751e8b465ee728b)  -> (artifact id: 'a19e78f0f022fc425240ecb6e14d5111') in 0.015231 seconds 
========================================================================
Received Import Request.
  Time since last request: 0.000017 seconds.
  path: Assets/Epic Toon FX/Prefabs/Combat/Explosions (Misc)/HitDustExplosion.prefab
  artifactKey: Guid(30538aa757d5768459b127b9b70d4362) Importer(815301076,1909f56bfc062723c751e8b465ee728b)
Start importing Assets/Epic Toon FX/Prefabs/Combat/Explosions (Misc)/HitDustExplosion.prefab using Guid(30538aa757d5768459b127b9b70d4362) Importer(815301076,1909f56bfc062723c751e8b465ee728b)  -> (artifact id: '070aac2070081df2d8a79253e9b4ea12') in 0.018955 seconds 
========================================================================
Received Import Request.
  Time since last request: 0.000020 seconds.
  path: Assets/Epic Toon FX/Prefabs/Combat/Explosions (Misc)/StunStarExplosion.prefab
  artifactKey: Guid(9c3b7f4ace8832b40abe6afe89fbcd91) Importer(815301076,1909f56bfc062723c751e8b465ee728b)
Start importing Assets/Epic Toon FX/Prefabs/Combat/Explosions (Misc)/StunStarExplosion.prefab using Guid(9c3b7f4ace8832b40abe6afe89fbcd91) Importer(815301076,1909f56bfc062723c751e8b465ee728b)  -> (artifact id: 'dd5d1c330de76270510284e663dcdd23') in 0.015425 seconds 
========================================================================
Received Import Request.
  Time since last request: 0.000025 seconds.
  path: Assets/Epic Toon FX/Prefabs/Combat/Explosions (Misc)/PoisonExplosion2.prefab
  artifactKey: Guid(b88c37ae0dbc93b41bd1a16d4cd0337d) Importer(815301076,1909f56bfc062723c751e8b465ee728b)
Start importing Assets/Epic Toon FX/Prefabs/Combat/Explosions (Misc)/PoisonExplosion2.prefab using Guid(b88c37ae0dbc93b41bd1a16d4cd0337d) Importer(815301076,1909f56bfc062723c751e8b465ee728b)  -> (artifact id: '972e4b2482cf262ea93c1a61a3e005e7') in 0.020463 seconds 
========================================================================
Received Import Request.
  Time since last request: 0.000018 seconds.
  path: Assets/Epic Toon FX/Prefabs/Combat/Explosions (Misc)/PoisonSkullExplosion.prefab
  artifactKey: Guid(81a6215dbf618d84cae2c6907f947094) Importer(815301076,1909f56bfc062723c751e8b465ee728b)
Start importing Assets/Epic Toon FX/Prefabs/Combat/Explosions (Misc)/PoisonSkullExplosion.prefab using Guid(81a6215dbf618d84cae2c6907f947094) Importer(815301076,1909f56bfc062723c751e8b465ee728b)  -> (artifact id: '8859d5f0ce39d5c81963a860abd34a38') in 0.016677 seconds 
========================================================================
Received Import Request.
  Time since last request: 3.458368 seconds.
  path: Assets/Epic Toon FX/Prefabs/Combat/Flamethrower/Cartoon/FlamethrowerToonyGreen.prefab
  artifactKey: Guid(efbd9c58ba892da4ca3fa50dcfcd894d) Importer(815301076,1909f56bfc062723c751e8b465ee728b)
Start importing Assets/Epic Toon FX/Prefabs/Combat/Flamethrower/Cartoon/FlamethrowerToonyGreen.prefab using Guid(efbd9c58ba892da4ca3fa50dcfcd894d) Importer(815301076,1909f56bfc062723c751e8b465ee728b)  -> (artifact id: '2fbd291db6fbdff4523e9095f40ac2c1') in 0.016764 seconds 
========================================================================
Received Prepare
Registering precompiled user dll's ...
Registered in 0.006569 seconds.
Begin MonoManager ReloadAssembly
Symbol file LoadedFromMemory doesn't match image D:\Confidential\BulletHell-Game\BulletHell Game\Library\PackageCache\com.unity.visualscripting@1.7.6\Editor\VisualScripting.Core\Dependencies\YamlDotNet\Unity.VisualScripting.YamlDotNet.dll
Symbol file LoadedFromMemory doesn't match image D:\Confidential\BulletHell-Game\BulletHell Game\Library\PackageCache\com.unity.visualscripting@1.7.6\Editor\VisualScripting.Core\Dependencies\DotNetZip\Unity.VisualScripting.IonicZip.dll
Native extension for WindowsStandalone target not found
Refreshing native plugins compatible for Editor in 1.03 ms, found 3 plugins.
Preloading 0 native plugins for Editor in 0.00 ms.
Mono: successfully reloaded assembly
- Completed reload, in  1.527 seconds
Domain Reload Profiling:
	ReloadAssembly (1528ms)
		BeginReloadAssembly (179ms)
			ExecutionOrderSort (0ms)
			DisableScriptedObjects (5ms)
			BackupInstance (0ms)
			ReleaseScriptingObjects (0ms)
			CreateAndSetChildDomain (42ms)
		EndReloadAssembly (1229ms)
			LoadAssemblies (136ms)
			RebuildTransferFunctionScriptingTraits (0ms)
			SetupTypeCache (422ms)
			ReleaseScriptCaches (2ms)
			RebuildScriptCaches (65ms)
			SetupLoadedEditorAssemblies (543ms)
				LogAssemblyErrors (0ms)
				InitializePlatformSupportModulesInManaged (21ms)
				SetLoadedEditorAssemblies (1ms)
				RefreshPlugins (1ms)
				BeforeProcessingInitializeOnLoad (96ms)
				ProcessInitializeOnLoadAttributes (371ms)
				ProcessInitializeOnLoadMethodAttributes (37ms)
				AfterProcessingInitializeOnLoad (16ms)
				EditorAssembliesLoaded (0ms)
			ExecutionOrderSort2 (0ms)
			AwakeInstancesAfterBackupRestoration (10ms)
Platform modules already initialized, skipping
Refreshing native plugins compatible for Editor in 2.57 ms, found 3 plugins.
Preloading 0 native plugins for Editor in 0.00 ms.
Unloading 3630 Unused Serialized files (Serialized files now loaded: 0)
Unloading 17 unused Assets / (79.3 KB). Loaded Objects now: 4162.
Memory consumption went from 136.0 MB to 136.0 MB.
Total: 2.990700 ms (FindLiveObjects: 0.248700 ms CreateObjectMapping: 0.142900 ms MarkObjects: 2.537200 ms  DeleteObjects: 0.061200 ms)

AssetImportParameters requested are different than current active one (requested -> active):
  custom:video-decoder-ogg-theora: a1e56fd34408186e4bbccfd4996cb3dc -> 
  custom:container-muxer-webm: aa71ff27fc2769a1b78a27578f13a17b -> 
  custom:container-demuxer-webm: 4f35f7cbe854078d1ac9338744f61a02 -> 
  custom:video-encoder-webm-vp8: eb34c28f22e8b96e1ab97ce403110664 -> 
  custom:video-codec-MediaFoundation-h265: e54d7ab0439102e2317fc1e4b246158d -> 
  custom:audio-encoder-webm-vorbis: bf7c407c2cedff20999df2af8eb42d56 -> 
  custom:framework-win-MediaFoundation: 216162199b28c13a410421893ffa2e32 -> 
  custom:container-demuxer-ogg: 62fdf1f143b41e24485cea50d1cbac27 -> 
  custom:video-decoder-webm-vp8: 9c59270c3fd7afecdb556c50c9e8de78 -> 
  custom:audio-decoder-ogg-vorbis: bf7c407c2cedff20999df2af8eb42d56 -> 
Editor requested this worker to shutdown with reason: Scaling down because of idle timeout
AssetImportWorker is now disconnected from the server
Process exiting
Exiting without the bug reporter. Application will terminate with return code 0